Writer program is starting...
DHT11, OK!
Humidity is 55%,	 Temperature is 24.4*C
Time Elapsed: 1001 ms
DHT11, OK!
Humidity is 54%,	 Temperature is 22.9*C
Time Elapsed: 1001 ms
DHT11, OK!
Humidity is 54%,	 Temperature is 22.9*C
Time Elapsed: 1001 ms

End Writing
Freeing
Free block: 0
Free block: 1
Free block: 2
Could not free block: 3
Could not free block: 4
Could not free block: 5
Could not free block: 6
Could not free block: 7
Could not free block: 8
Could not free block: 9
Could not free block: 10
Could not free block: 11
Could not free block: 12
Could not free block: 13
Could not free block: 14
Could not free block: 15
Could not free block: 16
Could not free block: 17
Could not free block: 18
Could not free block: 19
Could not free block: 20
Could not free block: 21
Could not free block: 22
Could not free block: 23
Could not free block: 24
Could not free block: 25
Could not free block: 26
Could not free block: 27
Could not free block: 28
Could not free block: 29
Could not free block: 30
Could not free block: 31
Could not free block: 32
Could not free block: 33
Could not free block: 34
Could not free block: 35
Could not free block: 36
Could not free block: 37
Could not free block: 38
Could not free block: 39
Could not free block: 40
Could not free block: 41
Could not free block: 42
Could not free block: 43
Could not free block: 44
Could not free block: 45
Could not free block: 46
Could not free block: 47
Could not free block: 48
Could not free block: 49
Could not free block: 50
Could not free block: 51
Could not free block: 52
Could not free block: 53
Could not free block: 54
Could not free block: 55
Could not free block: 56
Could not free block: 57
Could not free block: 58
Could not free block: 59
Could not free block: 60
Could not free block: 61
Could not free block: 62
Could not free block: 63
Could not free block: 64
Could not free block: 65
Could not free block: 66
Could not free block: 67
Could not free block: 68
Could not free block: 69
Could not free block: 70
Could not free block: 71
Could not free block: 72
Could not free block: 73
Could not free block: 74
Could not free block: 75
Could not free block: 76
Could not free block: 77
Could not free block: 78
Could not free block: 79
Could not free block: 80
Could not free block: 81
Could not free block: 82
Could not free block: 83
Could not free block: 84
Could not free block: 85
Could not free block: 86
Could not free block: 87
Could not free block: 88
Could not free block: 89
Could not free block: 90
Could not free block: 91
Could not free block: 92
Could not free block: 93
Could not free block: 94
Could not free block: 95
Could not free block: 96
Could not free block: 97
Could not free block: 98
Could not free block: 99
Free block: pointer
Writer program is starting...
DHT11, OK!
Humidity is 54%,	 Temperature is 22.9*C
Time Elapsed: 1001 ms
DHT11, OK!
Humidity is 54%,	 Temperature is 22.9*C
Time Elapsed: 1001 ms
DHT11, OK!
Humidity is 54%,	 Temperature is 23*C
Time Elapsed: 1001 ms
DHT11, OK!
Humidity is 54%,	 Temperature is 23.1*C
Time Elapsed: 1001 ms
DHT11, OK!
Humidity is 54%,	 Temperature is 23.2*C
Time Elapsed: 1001 ms
DHT11, OK!
Humidity is 54%,	 Temperature is 23.2*C
Time Elapsed: 1001 ms
DHT11, OK!
Humidity is 54%,	 Temperature is 23.2*C
Time Elapsed: 1001 ms
DHT11, OK!
Humidity is 54%,	 Temperature is 23.2*C
Time Elapsed: 1767 ms
DHT11, OK!
Humidity is 54%,	 Temperature is 23.2*C
Time Elapsed: 1146 ms
DHT11, OK!
Humidity is 54%,	 Temperature is 23.2*C
Time Elapsed: 1145 ms
DHT11, OK!
Humidity is 54%,	 Temperature is 23.2*C
Time Elapsed: 1147 ms
DHT11, OK!
Humidity is 54%,	 Temperature is 23.2*C
Time Elapsed: 1145 ms
DHT11, OK!
Humidity is 54%,	 Temperature is 23.2*C
Time Elapsed: 1145 ms
DHT11, OK!
Humidity is 54%,	 Temperature is 23.2*C
Time Elapsed: 1145 ms
DHT11, OK!
Humidity is 54%,	 Temperature is 23.2*C
Time Elapsed: 1145 ms
DHT11, OK!
Humidity is 54%,	 Temperature is 23.2*C
Time Elapsed: 1145 ms
DHT11, OK!
Humidity is 54%,	 Temperature is 23.2*C
Time Elapsed: 1145 ms
DHT11, OK!
Humidity is 54%,	 Temperature is 23.2*C
Time Elapsed: 1145 ms
DHT11, OK!
Humidity is 54%,	 Temperature is 23.2*C
Time Elapsed: 1145 ms
DHT11, OK!
Humidity is 54%,	 Temperature is 23.2*C
Time Elapsed: 1145 ms
DHT11, OK!
Humidity is 54%,	 Temperature is 23.2*C
Time Elapsed: 1145 ms
DHT11, OK!
Humidity is 54%,	 Temperature is 23.2*C
Time Elapsed: 1145 ms
DHT11, OK!
Humidity is 54%,	 Temperature is 23.2*C
Time Elapsed: 1145 ms
DHT11, OK!
Humidity is 54%,	 Temperature is 23.2*C
Time Elapsed: 1144 ms
Writer program is starting...
DHT11, OK!
Humidity is 54%,	 Temperature is 23.2*C
Time Elapsed: 1000 ms

End Writing
Freeing
Free block: 0
Free block: 1
Free block: 2
Free block: 3
Free block: 4
Free block: 5
Free block: 6
Free block: 7
Free block: 8
Free block: 9
Free block: 10
Free block: 11
Free block: 12
Free block: 13
Free block: 14
Free block: 15
Free block: 16
Free block: 17
Free block: 18
Free block: 19
Free block: 20
Free block: 21
Free block: 22
Free block: 23
Could not free block: 24
Could not free block: 25
Could not free block: 26
Could not free block: 27
Could not free block: 28
Could not free block: 29
Could not free block: 30
Could not free block: 31
Could not free block: 32
Could not free block: 33
Could not free block: 34
Could not free block: 35
Could not free block: 36
Could not free block: 37
Could not free block: 38
Could not free block: 39
Could not free block: 40
Could not free block: 41
Could not free block: 42
Could not free block: 43
Could not free block: 44
Could not free block: 45
Could not free block: 46
Could not free block: 47
Could not free block: 48
Could not free block: 49
Could not free block: 50
Could not free block: 51
Could not free block: 52
Could not free block: 53
Could not free block: 54
Could not free block: 55
Could not free block: 56
Could not free block: 57
Could not free block: 58
Could not free block: 59
Could not free block: 60
Could not free block: 61
Could not free block: 62
Could not free block: 63
Could not free block: 64
Could not free block: 65
Could not free block: 66
Could not free block: 67
Could not free block: 68
Could not free block: 69
Could not free block: 70
Could not free block: 71
Could not free block: 72
Could not free block: 73
Could not free block: 74
Could not free block: 75
Could not free block: 76
Could not free block: 77
Could not free block: 78
Could not free block: 79
Could not free block: 80
Could not free block: 81
Could not free block: 82
Could not free block: 83
Could not free block: 84
Could not free block: 85
Could not free block: 86
Could not free block: 87
Could not free block: 88
Could not free block: 89
Could not free block: 90
Could not free block: 91
Could not free block: 92
Could not free block: 93
Could not free block: 94
Could not free block: 95
Could not free block: 96
Could not free block: 97
Could not free block: 98
Could not free block: 99
Free block: pointer
DHT11, OK!
Humidity is 54%,	 Temperature is 23.2*C
Time Elapsed: 3630 ms
DHT11, OK!
Humidity is 54%,	 Temperature is 23.2*C
Time Elapsed: 1145 ms
DHT11, OK!
Humidity is 54%,	 Temperature is 23.3*C
Time Elapsed: 2392 ms
DHT11, OK!
Humidity is 54%,	 Temperature is 23.4*C
Time Elapsed: 1145 ms
DHT11, OK!
Humidity is 54%,	 Temperature is 23.4*C
Time Elapsed: 1145 ms
DHT11, OK!
Humidity is 54%,	 Temperature is 23.4*C
Time Elapsed: 1145 ms
DHT11, OK!
Humidity is 54%,	 Temperature is 23.4*C
Time Elapsed: 1145 ms
DHT11, OK!
Humidity is 54%,	 Temperature is 23.4*C
Time Elapsed: 2388 ms
DHT11, OK!
Humidity is 54%,	 Temperature is 23.4*C
Time Elapsed: 1145 ms
DHT11, OK!
Humidity is 54%,	 Temperature is 23.4*C
Time Elapsed: 1145 ms
DHT11, OK!
Humidity is 54%,	 Temperature is 23.4*C
Time Elapsed: 1145 ms
DHT11, OK!
Humidity is 54%,	 Temperature is 23.4*C
Time Elapsed: 1146 ms
DHT11, OK!
Humidity is 54%,	 Temperature is 23.4*C
Time Elapsed: 2386 ms
DHT11, OK!
Humidity is 54%,	 Temperature is 23.4*C
Time Elapsed: 1145 ms
DHT11, OK!
Humidity is 54%,	 Temperature is 23.4*C
Time Elapsed: 1145 ms
DHT11, OK!
Humidity is 54%,	 Temperature is 23.4*C
Time Elapsed: 1145 ms
DHT11, OK!
Humidity is 54%,	 Temperature is 23.4*C
Time Elapsed: 1145 ms
DHT11, OK!
Humidity is 54%,	 Temperature is 23.4*C
Time Elapsed: 1145 ms
DHT11, OK!
Humidity is 54%,	 Temperature is 23.4*C
Time Elapsed: 1145 ms
DHT11, OK!
Humidity is 54%,	 Temperature is 23.4*C
Time Elapsed: 2387 ms
DHT11, OK!
Humidity is 54%,	 Temperature is 23.4*C
Time Elapsed: 1145 ms
DHT11, OK!
Humidity is 54%,	 Temperature is 23.4*C
Time Elapsed: 1145 ms
DHT11, OK!
Humidity is 54%,	 Temperature is 23.4*C
Time Elapsed: 1145 ms
DHT11, OK!
Humidity is 54%,	 Temperature is 23.4*C
Time Elapsed: 1145 ms
DHT11, OK!
Humidity is 54%,	 Temperature is 23.4*C
Time Elapsed: 1144 ms
DHT11, OK!
Humidity is 54%,	 Temperature is 23.4*C
Time Elapsed: 1145 ms
DHT11, OK!
Humidity is 54%,	 Temperature is 23.4*C
Time Elapsed: 1145 ms
DHT11, OK!
Humidity is 54%,	 Temperature is 23.4*C
Time Elapsed: 1145 ms
DHT11, OK!
Humidity is 54%,	 Temperature is 23.4*C
Time Elapsed: 2386 ms
DHT11, OK!
Humidity is 54%,	 Temperature is 23.4*C
Time Elapsed: 2389 ms
DHT11, OK!
Humidity is 54%,	 Temperature is 23.4*C
Time Elapsed: 1145 ms
DHT11, OK!
Humidity is 54%,	 Temperature is 23.4*C
Time Elapsed: 1145 ms
DHT11, OK!
Humidity is 54%,	 Temperature is 23.4*C
Time Elapsed: 1145 ms
DHT11, OK!
Humidity is 54%,	 Temperature is 23.4*C
Time Elapsed: 1145 ms
DHT11, OK!
Humidity is 54%,	 Temperature is 23.4*C
Time Elapsed: 2390 ms
DHT11, OK!
Humidity is 54%,	 Temperature is 23.4*C
Time Elapsed: 1145 ms
DHT11, OK!
Humidity is 54%,	 Temperature is 23.4*C
Time Elapsed: 1146 ms
DHT11, OK!
Humidity is 54%,	 Temperature is 23.4*C
Time Elapsed: 1145 ms
DHT11, OK!
Humidity is 54%,	 Temperature is 23.4*C
Time Elapsed: 1145 ms
DHT11, OK!
Humidity is 54%,	 Temperature is 23.4*C
Time Elapsed: 1145 ms
DHT11, OK!
Humidity is 54%,	 Temperature is 23.4*C
Time Elapsed: 2389 ms
DHT11, OK!
Humidity is 54%,	 Temperature is 23.4*C
Time Elapsed: 1145 ms
DHT11, OK!
Humidity is 54%,	 Temperature is 23.4*C
Time Elapsed: 1146 ms
DHT11, OK!
Humidity is 54%,	 Temperature is 23.4*C
Time Elapsed: 1145 ms
DHT11, OK!
Humidity is 54%,	 Temperature is 23.4*C
Time Elapsed: 1145 ms
DHT11, OK!
Humidity is 54%,	 Temperature is 23.4*C
Time Elapsed: 2386 ms
DHT11, OK!
Humidity is 54%,	 Temperature is 23.4*C
Time Elapsed: 2389 ms
DHT11, OK!
Humidity is 54%,	 Temperature is 23.4*C
Time Elapsed: 2390 ms
DHT11, OK!
Humidity is 54%,	 Temperature is 23.4*C
Time Elapsed: 1145 ms
DHT11, OK!
Humidity is 54%,	 Temperature is 23.4*C
Time Elapsed: 1145 ms
DHT11, OK!
Humidity is 54%,	 Temperature is 23.4*C
Time Elapsed: 1145 ms
DHT11, OK!
Humidity is 54%,	 Temperature is 23.4*C
Time Elapsed: 1145 ms
DHT11, OK!
Humidity is 54%,	 Temperature is 23.4*C
Time Elapsed: 1145 ms
DHT11, OK!
Humidity is 54%,	 Temperature is 23.4*C
Time Elapsed: 1145 ms
DHT11, OK!
Humidity is 54%,	 Temperature is 23.4*C
Time Elapsed: 2386 ms
DHT11, OK!
Humidity is 54%,	 Temperature is 23.4*C
Time Elapsed: 1145 ms
DHT11, OK!
Humidity is 54%,	 Temperature is 23.4*C
Time Elapsed: 1145 ms
DHT11, OK!
Humidity is 54%,	 Temperature is 23.4*C
Time Elapsed: 1145 ms
DHT11, OK!
Humidity is 54%,	 Temperature is 23.4*C
Time Elapsed: 1145 ms
DHT11, OK!
Humidity is 54%,	 Temperature is 23.4*C
Time Elapsed: 1145 ms
DHT11, OK!
Humidity is 54%,	 Temperature is 23.4*C
Time Elapsed: 1145 ms
DHT11, OK!
Humidity is 54%,	 Temperature is 23.4*C
Time Elapsed: 2390 ms
DHT11, OK!
Humidity is 54%,	 Temperature is 23.4*C
Time Elapsed: 1145 ms
DHT11, OK!
Humidity is 54%,	 Temperature is 23.4*C
Time Elapsed: 1145 ms
DHT11, OK!
Humidity is 54%,	 Temperature is 23.4*C
Time Elapsed: 1145 ms
DHT11, OK!
Humidity is 54%,	 Temperature is 23.4*C
Time Elapsed: 1145 ms
DHT11, OK!
Humidity is 54%,	 Temperature is 23.4*C
Time Elapsed: 1145 ms
DHT11, OK!
Humidity is 54%,	 Temperature is 23.4*C
Time Elapsed: 2389 ms
DHT11, OK!
Humidity is 54%,	 Temperature is 23.4*C
Time Elapsed: 2389 ms
DHT11, OK!
Humidity is 54%,	 Temperature is 23.4*C
Time Elapsed: 2389 ms
DHT11, OK!
Humidity is 54%,	 Temperature is 23.4*C
Time Elapsed: 2387 ms
DHT11, OK!
Humidity is 54%,	 Temperature is 23.4*C
Time Elapsed: 1145 ms
DHT11, OK!
Humidity is 54%,	 Temperature is 23.4*C
Time Elapsed: 3630 ms
DHT11, OK!
Humidity is 54%,	 Temperature is 23.4*C
Time Elapsed: 1145 ms
DHT11, OK!
Humidity is 54%,	 Temperature is 23.4*C
Time Elapsed: 1145 ms
DHT11, OK!
Humidity is 54%,	 Temperature is 23.4*C
Time Elapsed: 1145 ms
DHT11, OK!
Humidity is 54%,	 Temperature is 23.4*C
Time Elapsed: 1145 ms
DHT11, OK!
Humidity is 54%,	 Temperature is 23.4*C
Time Elapsed: 1145 ms
DHT11, OK!
Humidity is 54%,	 Temperature is 23.4*C
Time Elapsed: 1145 ms
DHT11, OK!
Humidity is 54%,	 Temperature is 23.4*C
Time Elapsed: 1145 ms
DHT11, OK!
Humidity is 54%,	 Temperature is 23.4*C
Time Elapsed: 1145 ms
DHT11, OK!
Humidity is 54%,	 Temperature is 23.4*C
Time Elapsed: 1145 ms
DHT11, OK!
Humidity is 54%,	 Temperature is 23.4*C
Time Elapsed: 2389 ms
DHT11, OK!
Humidity is 54%,	 Temperature is 23.4*C
Time Elapsed: 2389 ms
DHT11, OK!
Humidity is 54%,	 Temperature is 23.4*C
Time Elapsed: 1144 ms
DHT11, OK!
Humidity is 54%,	 Temperature is 23.5*C
Time Elapsed: 1145 ms
DHT11, OK!
Humidity is 54%,	 Temperature is 23.5*C
Time Elapsed: 2386 ms
DHT11, OK!
Humidity is 54%,	 Temperature is 23.5*C
Time Elapsed: 1145 ms
DHT11, OK!
Humidity is 54%,	 Temperature is 23.5*C
Time Elapsed: 1145 ms
DHT11, OK!
Humidity is 54%,	 Temperature is 23.5*C
Time Elapsed: 2390 ms
DHT11, OK!
Humidity is 54%,	 Temperature is 23.5*C
Time Elapsed: 1145 ms
DHT11, OK!
Humidity is 53%,	 Temperature is 23.4*C
Time Elapsed: 1145 ms
DHT11, OK!
Humidity is 53%,	 Temperature is 23.5*C
Time Elapsed: 1145 ms
DHT11, OK!
Humidity is 53%,	 Temperature is 23.6*C
Time Elapsed: 1145 ms
DHT11, OK!
Humidity is 53%,	 Temperature is 23.5*C
Time Elapsed: 2387 ms
DHT11, OK!
Humidity is 53%,	 Temperature is 23.5*C
Time Elapsed: 1146 ms
DHT11, OK!
Humidity is 53%,	 Temperature is 23.6*C
Time Elapsed: 1145 ms
DHT11, OK!
Humidity is 53%,	 Temperature is 23.6*C
Time Elapsed: 2390 ms
DHT11, OK!
Humidity is 53%,	 Temperature is 23.6*C
Time Elapsed: 2389 ms
DHT11, OK!
Humidity is 53%,	 Temperature is 23.6*C
Time Elapsed: 2387 ms
DHT11, OK!
Humidity is 53%,	 Temperature is 23.6*C
Time Elapsed: 1145 ms
DHT11, OK!
Humidity is 53%,	 Temperature is 23.6*C
Time Elapsed: 1145 ms
DHT11, OK!
Humidity is 53%,	 Temperature is 23.6*C
Time Elapsed: 2389 ms
DHT11, OK!
Humidity is 53%,	 Temperature is 23.6*C
Time Elapsed: 2390 ms
DHT11, OK!
Humidity is 53%,	 Temperature is 23.7*C
Time Elapsed: 1145 ms
DHT11, OK!
Humidity is 53%,	 Temperature is 23.6*C
Time Elapsed: 1145 ms
DHT11, OK!
Humidity is 53%,	 Temperature is 23.7*C
Time Elapsed: 1145 ms
DHT11, OK!
Humidity is 53%,	 Temperature is 23.7*C
Time Elapsed: 1145 ms
DHT11, OK!
Humidity is 53%,	 Temperature is 23.7*C
Time Elapsed: 2391 ms
DHT11, OK!
Humidity is 53%,	 Temperature is 23.7*C
Time Elapsed: 2390 ms
DHT11, OK!
Humidity is 53%,	 Temperature is 23.7*C
Time Elapsed: 2390 ms
DHT11, OK!
Humidity is 53%,	 Temperature is 23.7*C
Time Elapsed: 1145 ms
DHT11, OK!
Humidity is 53%,	 Temperature is 23.7*C
Time Elapsed: 1145 ms
DHT11, OK!
Humidity is 53%,	 Temperature is 23.7*C
Time Elapsed: 1145 ms
DHT11, OK!
Humidity is 53%,	 Temperature is 23.7*C
Time Elapsed: 1145 ms
DHT11, OK!
Humidity is 53%,	 Temperature is 23.7*C
Time Elapsed: 1145 ms
DHT11, OK!
Humidity is 53%,	 Temperature is 23.7*C
Time Elapsed: 1145 ms
DHT11, OK!
Humidity is 53%,	 Temperature is 23.7*C
Time Elapsed: 1145 ms
DHT11, OK!
Humidity is 53%,	 Temperature is 23.7*C
Time Elapsed: 1145 ms
DHT11, OK!
Humidity is 53%,	 Temperature is 23.7*C
Time Elapsed: 1145 ms
DHT11, OK!
Humidity is 53%,	 Temperature is 23.7*C
Time Elapsed: 1145 ms
DHT11, OK!
Humidity is 53%,	 Temperature is 23.7*C
Time Elapsed: 1145 ms
DHT11, OK!
Humidity is 53%,	 Temperature is 23.7*C
Time Elapsed: 1145 ms
Writer program is starting...
DHT11, OK!
Humidity is 53%,	 Temperature is 23.4*C
Time Elapsed: 1767 ms
DHT11, OK!
Humidity is 53%,	 Temperature is 23.4*C
Time Elapsed: 2389 ms
DHT11, OK!
Humidity is 53%,	 Temperature is 23.4*C
Time Elapsed: 2389 ms
DHT11, OK!
Humidity is 53%,	 Temperature is 23.4*C
Time Elapsed: 1145 ms
DHT11, OK!
Humidity is 53%,	 Temperature is 23.4*C
Time Elapsed: 1145 ms
DHT11, OK!
Humidity is 53%,	 Temperature is 23.4*C
Time Elapsed: 1145 ms
DHT11, OK!
Humidity is 53%,	 Temperature is 23.4*C
Time Elapsed: 1145 ms
DHT11, OK!
Humidity is 53%,	 Temperature is 23.4*C
Time Elapsed: 1145 ms
DHT11, OK!
Humidity is 53%,	 Temperature is 23.4*C
Time Elapsed: 1145 ms
DHT11, OK!
Humidity is 53%,	 Temperature is 23.4*C
Time Elapsed: 1145 ms
DHT11, OK!
Humidity is 53%,	 Temperature is 23.4*C
Time Elapsed: 1145 ms
DHT11, OK!
Humidity is 53%,	 Temperature is 23.4*C
Time Elapsed: 1146 ms
DHT11, OK!
Humidity is 53%,	 Temperature is 23.4*C
Time Elapsed: 1145 ms
DHT11, OK!
Humidity is 53%,	 Temperature is 23.4*C
Time Elapsed: 1145 ms
DHT11, OK!
Humidity is 53%,	 Temperature is 23.4*C
Time Elapsed: 2389 ms
DHT11, OK!
Humidity is 53%,	 Temperature is 23.4*C
Time Elapsed: 1145 ms
DHT11, OK!
Humidity is 53%,	 Temperature is 23.4*C
Time Elapsed: 1145 ms
DHT11, OK!
Humidity is 53%,	 Temperature is 23.4*C
Time Elapsed: 2390 ms
DHT11, OK!
Humidity is 53%,	 Temperature is 23.4*C
Time Elapsed: 1145 ms
DHT11, OK!
Humidity is 53%,	 Temperature is 23.4*C
Time Elapsed: 1145 ms
DHT11, OK!
Humidity is 53%,	 Temperature is 23.4*C
Time Elapsed: 2396 ms
DHT11, OK!
Humidity is 53%,	 Temperature is 23.4*C
Time Elapsed: 1145 ms
DHT11, OK!
Humidity is 53%,	 Temperature is 23.5*C
Time Elapsed: 2389 ms
DHT11, OK!
Humidity is 53%,	 Temperature is 23.5*C
Time Elapsed: 1145 ms
DHT11, OK!
Humidity is 53%,	 Temperature is 23.4*C
Time Elapsed: 1145 ms
DHT11, OK!
Humidity is 53%,	 Temperature is 23.5*C
Time Elapsed: 1145 ms
DHT11, OK!
Humidity is 53%,	 Temperature is 23.5*C
Time Elapsed: 1145 ms
DHT11, OK!
Humidity is 53%,	 Temperature is 23.5*C
Time Elapsed: 1145 ms
DHT11, OK!
Humidity is 53%,	 Temperature is 23.5*C
Time Elapsed: 2389 ms
DHT11, OK!
Humidity is 53%,	 Temperature is 23.5*C
Time Elapsed: 1145 ms
DHT11, OK!
Humidity is 53%,	 Temperature is 23.5*C
Time Elapsed: 1145 ms
DHT11, OK!
Humidity is 53%,	 Temperature is 23.5*C
Time Elapsed: 1145 ms
DHT11, OK!
Humidity is 53%,	 Temperature is 23.5*C
Time Elapsed: 1145 ms
DHT11, OK!
Humidity is 53%,	 Temperature is 23.6*C
Time Elapsed: 1145 ms
DHT11, OK!
Humidity is 53%,	 Temperature is 23.6*C
Time Elapsed: 1145 ms
DHT11, OK!
Humidity is 53%,	 Temperature is 23.6*C
Time Elapsed: 2390 ms
DHT11, OK!
Humidity is 53%,	 Temperature is 23.7*C
Time Elapsed: 2390 ms
DHT11, OK!
Humidity is 53%,	 Temperature is 23.7*C
Time Elapsed: 2390 ms
DHT11, OK!
Humidity is 53%,	 Temperature is 23.7*C
Time Elapsed: 1145 ms
DHT11, OK!
Humidity is 53%,	 Temperature is 23.7*C
Time Elapsed: 1145 ms
DHT11, OK!
Humidity is 53%,	 Temperature is 23.7*C
Time Elapsed: 1145 ms
DHT11, OK!
Humidity is 53%,	 Temperature is 23.7*C
Time Elapsed: 1145 ms
DHT11, OK!
Humidity is 53%,	 Temperature is 23.7*C
Time Elapsed: 2389 ms
DHT11, OK!
Humidity is 53%,	 Temperature is 23.7*C
Time Elapsed: 1145 ms
DHT11, OK!
Humidity is 53%,	 Temperature is 23.7*C
Time Elapsed: 1145 ms
DHT11, OK!
Humidity is 53%,	 Temperature is 23.7*C
Time Elapsed: 1145 ms
DHT11, OK!
Humidity is 53%,	 Temperature is 23.6*C
Time Elapsed: 1145 ms
DHT11, OK!
Humidity is 53%,	 Temperature is 23.7*C
Time Elapsed: 1145 ms
DHT11, OK!
Humidity is 53%,	 Temperature is 23.6*C
Time Elapsed: 1145 ms
DHT11, OK!
Humidity is 53%,	 Temperature is 23.6*C
Time Elapsed: 1145 ms
DHT11, OK!
Humidity is 53%,	 Temperature is 23.6*C
Time Elapsed: 1145 ms
DHT11, OK!
Humidity is 53%,	 Temperature is 23.6*C
Time Elapsed: 1145 ms
DHT11, OK!
Humidity is 53%,	 Temperature is 23.6*C
Time Elapsed: 1145 ms
DHT11, OK!
Humidity is 53%,	 Temperature is 23.6*C
Time Elapsed: 1145 ms
DHT11, OK!
Humidity is 53%,	 Temperature is 23.6*C
Time Elapsed: 1145 ms
DHT11, OK!
Humidity is 53%,	 Temperature is 23.5*C
Time Elapsed: 2389 ms
DHT11, OK!
Humidity is 53%,	 Temperature is 23.6*C
Time Elapsed: 1145 ms
DHT11, OK!
Humidity is 53%,	 Temperature is 23.6*C
Time Elapsed: 1145 ms
DHT11, OK!
Humidity is 53%,	 Temperature is 23.6*C
Time Elapsed: 1145 ms
DHT11, OK!
Humidity is 53%,	 Temperature is 23.6*C
Time Elapsed: 1145 ms
DHT11, OK!
Humidity is 53%,	 Temperature is 23.6*C
Time Elapsed: 2386 ms
DHT11, OK!
Humidity is 53%,	 Temperature is 23.6*C
Time Elapsed: 1145 ms
DHT11, OK!
Humidity is 53%,	 Temperature is 23.7*C
Time Elapsed: 1145 ms
DHT11, OK!
Humidity is 53%,	 Temperature is 23.6*C
Time Elapsed: 1145 ms
DHT11, OK!
Humidity is 53%,	 Temperature is 23.6*C
Time Elapsed: 1145 ms
DHT11, OK!
Humidity is 53%,	 Temperature is 23.7*C
Time Elapsed: 1145 ms
DHT11, OK!
Humidity is 53%,	 Temperature is 23.7*C
Time Elapsed: 1145 ms
DHT11, OK!
Humidity is 53%,	 Temperature is 23.7*C
Time Elapsed: 2387 ms
DHT11, OK!
Humidity is 53%,	 Temperature is 23.6*C
Time Elapsed: 2389 ms
DHT11, OK!
Humidity is 53%,	 Temperature is 23.7*C
Time Elapsed: 1145 ms
DHT11, OK!
Humidity is 53%,	 Temperature is 23.6*C
Time Elapsed: 1145 ms
DHT11, OK!
Humidity is 53%,	 Temperature is 23.6*C
Time Elapsed: 2390 ms
DHT11, OK!
Humidity is 53%,	 Temperature is 23.6*C
Time Elapsed: 1145 ms
DHT11, OK!
Humidity is 53%,	 Temperature is 23.6*C
Time Elapsed: 1145 ms
DHT11, OK!
Humidity is 53%,	 Temperature is 23.6*C
Time Elapsed: 2390 ms
DHT11, OK!
Humidity is 53%,	 Temperature is 23.5*C
Time Elapsed: 1145 ms
DHT11, OK!
Humidity is 53%,	 Temperature is 23.5*C
Time Elapsed: 1145 ms
DHT11, OK!
Humidity is 53%,	 Temperature is 23.5*C
Time Elapsed: 1145 ms
DHT11, OK!
Humidity is 53%,	 Temperature is 23.5*C
Time Elapsed: 1145 ms
DHT11, OK!
Humidity is 53%,	 Temperature is 23.5*C
Time Elapsed: 1145 ms
DHT11, OK!
Humidity is 53%,	 Temperature is 23.5*C
Time Elapsed: 1145 ms
DHT11, OK!
Humidity is 53%,	 Temperature is 23.5*C
Time Elapsed: 1145 ms
DHT11, OK!
Humidity is 53%,	 Temperature is 23.5*C
Time Elapsed: 1145 ms
DHT11, OK!
Humidity is 53%,	 Temperature is 23.5*C
Time Elapsed: 1145 ms
DHT11, OK!
Humidity is 53%,	 Temperature is 23.5*C
Time Elapsed: 1145 ms
DHT11, OK!
Humidity is 53%,	 Temperature is 23.5*C
Time Elapsed: 2386 ms
DHT11, OK!
Humidity is 53%,	 Temperature is 23.5*C
Time Elapsed: 1145 ms
DHT11, OK!
Humidity is 53%,	 Temperature is 23.5*C
Time Elapsed: 1145 ms
DHT11, OK!
Humidity is 53%,	 Temperature is 23.5*C
Time Elapsed: 2388 ms
DHT11, OK!
Humidity is 53%,	 Temperature is 23.5*C
Time Elapsed: 1145 ms
DHT11, OK!
Humidity is 53%,	 Temperature is 23.5*C
Time Elapsed: 1145 ms
DHT11, OK!
Humidity is 53%,	 Temperature is 23.5*C
Time Elapsed: 1145 ms
DHT11, OK!
Humidity is 53%,	 Temperature is 23.5*C
Time Elapsed: 1145 ms
DHT11, OK!
Humidity is 53%,	 Temperature is 23.5*C
Time Elapsed: 1145 ms
DHT11, OK!
Humidity is 53%,	 Temperature is 23.5*C
Time Elapsed: 1144 ms
DHT11, OK!
Humidity is 53%,	 Temperature is 23.6*C
Time Elapsed: 1145 ms
DHT11, OK!
Humidity is 53%,	 Temperature is 23.5*C
Time Elapsed: 1145 ms
DHT11, OK!
Humidity is 53%,	 Temperature is 23.5*C
Time Elapsed: 1145 ms
DHT11, OK!
Humidity is 53%,	 Temperature is 23.5*C
Time Elapsed: 2387 ms
DHT11, OK!
Humidity is 53%,	 Temperature is 23.5*C
Time Elapsed: 3635 ms
DHT11, OK!
Humidity is 53%,	 Temperature is 23.5*C
Time Elapsed: 1145 ms
DHT11, OK!
Humidity is 53%,	 Temperature is 23.5*C
Time Elapsed: 1145 ms
DHT11, OK!
Humidity is 53%,	 Temperature is 23.5*C
Time Elapsed: 1145 ms
DHT11, OK!
Humidity is 53%,	 Temperature is 23.5*C
Time Elapsed: 2390 ms
DHT11, OK!
Humidity is 53%,	 Temperature is 23.5*C
Time Elapsed: 1145 ms
DHT11, OK!
Humidity is 53%,	 Temperature is 23.5*C
Time Elapsed: 1145 ms
DHT11, OK!
Humidity is 53%,	 Temperature is 23.5*C
Time Elapsed: 1145 ms
DHT11, OK!
Humidity is 53%,	 Temperature is 23.5*C
Time Elapsed: 1145 ms
DHT11, OK!
Humidity is 53%,	 Temperature is 23.5*C
Time Elapsed: 1145 ms
DHT11, OK!
Humidity is 53%,	 Temperature is 23.5*C
Time Elapsed: 1145 ms
DHT11, OK!
Humidity is 53%,	 Temperature is 23.5*C
Time Elapsed: 1145 ms
DHT11, OK!
Humidity is 53%,	 Temperature is 23.5*C
Time Elapsed: 2389 ms
DHT11, OK!
Humidity is 53%,	 Temperature is 23.5*C
Time Elapsed: 2389 ms
DHT11, OK!
Humidity is 53%,	 Temperature is 23.5*C
Time Elapsed: 1147 ms
DHT11, OK!
Humidity is 53%,	 Temperature is 23.5*C
Time Elapsed: 1145 ms
DHT11, OK!
Humidity is 53%,	 Temperature is 23.6*C
Time Elapsed: 1145 ms
DHT11, OK!
Humidity is 53%,	 Temperature is 23.6*C
Time Elapsed: 1145 ms
DHT11, OK!
Humidity is 53%,	 Temperature is 23.5*C
Time Elapsed: 1145 ms
DHT11, OK!
Humidity is 53%,	 Temperature is 23.6*C
Time Elapsed: 1145 ms
DHT11, OK!
Humidity is 53%,	 Temperature is 23.6*C
Time Elapsed: 1148 ms
DHT11, OK!
Humidity is 53%,	 Temperature is 23.6*C
Time Elapsed: 1145 ms
DHT11, OK!
Humidity is 53%,	 Temperature is 23.6*C
Time Elapsed: 1145 ms
DHT11, OK!
Humidity is 53%,	 Temperature is 23.6*C
Time Elapsed: 1145 ms
DHT11, OK!
Humidity is 53%,	 Temperature is 23.5*C
Time Elapsed: 1145 ms
DHT11, OK!
Humidity is 53%,	 Temperature is 23.6*C
Time Elapsed: 1144 ms
DHT11, OK!
Humidity is 53%,	 Temperature is 23.5*C
Time Elapsed: 2389 ms
DHT11, OK!
Humidity is 53%,	 Temperature is 23.6*C
Time Elapsed: 2394 ms
DHT11, OK!
Humidity is 53%,	 Temperature is 23.6*C
Time Elapsed: 1145 ms
DHT11, OK!
Humidity is 53%,	 Temperature is 23.6*C
Time Elapsed: 1145 ms
DHT11, OK!
Humidity is 53%,	 Temperature is 23.6*C
Time Elapsed: 1145 ms
DHT11, OK!
Humidity is 53%,	 Temperature is 23.6*C
Time Elapsed: 1145 ms
DHT11, OK!
Humidity is 53%,	 Temperature is 23.6*C
Time Elapsed: 1144 ms
DHT11, OK!
Humidity is 53%,	 Temperature is 23.6*C
Time Elapsed: 1145 ms
DHT11, OK!
Humidity is 53%,	 Temperature is 23.7*C
Time Elapsed: 1145 ms
DHT11, OK!
Humidity is 53%,	 Temperature is 23.6*C
Time Elapsed: 2389 ms
DHT11, OK!
Humidity is 53%,	 Temperature is 23.7*C
Time Elapsed: 1145 ms
DHT11, OK!
Humidity is 53%,	 Temperature is 23.6*C
Time Elapsed: 1145 ms
DHT11, OK!
Humidity is 53%,	 Temperature is 23.7*C
Time Elapsed: 2387 ms
DHT11, OK!
Humidity is 53%,	 Temperature is 23.7*C
Time Elapsed: 1145 ms
DHT11, OK!
Humidity is 53%,	 Temperature is 23.6*C
Time Elapsed: 1145 ms
DHT11, OK!
Humidity is 53%,	 Temperature is 23.6*C
Time Elapsed: 1145 ms
DHT11, OK!
Humidity is 53%,	 Temperature is 23.6*C
Time Elapsed: 1145 ms
DHT11, OK!
Humidity is 53%,	 Temperature is 23.7*C
Time Elapsed: 2388 ms
DHT11, OK!
Humidity is 53%,	 Temperature is 23.6*C
Time Elapsed: 2389 ms
DHT11, OK!
Humidity is 53%,	 Temperature is 23.7*C
Time Elapsed: 1145 ms
DHT11, OK!
Humidity is 53%,	 Temperature is 23.7*C
Time Elapsed: 1145 ms
DHT11, OK!
Humidity is 53%,	 Temperature is 23.7*C
Time Elapsed: 2388 ms
DHT11, OK!
Humidity is 53%,	 Temperature is 23.7*C
Time Elapsed: 2389 ms
DHT11, OK!
Humidity is 53%,	 Temperature is 23.7*C
Time Elapsed: 1145 ms
DHT11, OK!
Humidity is 53%,	 Temperature is 23.7*C
Time Elapsed: 1145 ms
DHT11, OK!
Humidity is 53%,	 Temperature is 23.6*C
Time Elapsed: 1145 ms
DHT11, OK!
Humidity is 53%,	 Temperature is 23.6*C
Time Elapsed: 1145 ms
DHT11, OK!
Humidity is 53%,	 Temperature is 23.6*C
Time Elapsed: 2389 ms
DHT11, OK!
Humidity is 53%,	 Temperature is 23.6*C
Time Elapsed: 1145 ms
DHT11, OK!
Humidity is 53%,	 Temperature is 23.5*C
Time Elapsed: 1145 ms
DHT11, OK!
Humidity is 53%,	 Temperature is 23.5*C
Time Elapsed: 1144 ms
DHT11, OK!
Humidity is 53%,	 Temperature is 23.5*C
Time Elapsed: 1145 ms
DHT11, OK!
Humidity is 53%,	 Temperature is 23.4*C
Time Elapsed: 2390 ms
DHT11, OK!
Humidity is 53%,	 Temperature is 23.4*C
Time Elapsed: 1145 ms
DHT11, OK!
Humidity is 53%,	 Temperature is 23.4*C
Time Elapsed: 2389 ms
DHT11, OK!
Humidity is 53%,	 Temperature is 23.4*C
Time Elapsed: 1145 ms
DHT11, OK!
Humidity is 53%,	 Temperature is 23.4*C
Time Elapsed: 1145 ms
DHT11, OK!
Humidity is 53%,	 Temperature is 23.4*C
Time Elapsed: 1145 ms
DHT11, OK!
Humidity is 53%,	 Temperature is 23.4*C
Time Elapsed: 1145 ms
DHT11, OK!
Humidity is 53%,	 Temperature is 23.4*C
Time Elapsed: 1145 ms
DHT11, OK!
Humidity is 53%,	 Temperature is 23.4*C
Time Elapsed: 1145 ms
DHT11, OK!
Humidity is 53%,	 Temperature is 23.4*C
Time Elapsed: 1145 ms
DHT11, OK!
Humidity is 53%,	 Temperature is 23.4*C
Time Elapsed: 1145 ms
DHT11, OK!
Humidity is 53%,	 Temperature is 23.4*C
Time Elapsed: 1145 ms
DHT11, OK!
Humidity is 53%,	 Temperature is 23.4*C
Time Elapsed: 1145 ms
DHT11, OK!
Humidity is 53%,	 Temperature is 23.4*C
Time Elapsed: 2389 ms
DHT11, OK!
Humidity is 53%,	 Temperature is 23.4*C
Time Elapsed: 2389 ms
DHT11, OK!
Humidity is 53%,	 Temperature is 23.4*C
Time Elapsed: 1145 ms
DHT11, OK!
Humidity is 53%,	 Temperature is 23.4*C
Time Elapsed: 1145 ms
DHT11, OK!
Humidity is 53%,	 Temperature is 23.4*C
Time Elapsed: 1144 ms
DHT11, OK!
Humidity is 53%,	 Temperature is 23.4*C
Time Elapsed: 1145 ms
DHT11, OK!
Humidity is 53%,	 Temperature is 23.4*C
Time Elapsed: 1145 ms
DHT11, OK!
Humidity is 53%,	 Temperature is 23.4*C
Time Elapsed: 1145 ms
DHT11, OK!
Humidity is 53%,	 Temperature is 23.4*C
Time Elapsed: 1145 ms
DHT11, OK!
Humidity is 53%,	 Temperature is 23.4*C
Time Elapsed: 1145 ms
DHT11, OK!
Humidity is 53%,	 Temperature is 23.4*C
Time Elapsed: 1145 ms
DHT11, OK!
Humidity is 53%,	 Temperature is 23.4*C
Time Elapsed: 1145 ms
DHT11, OK!
Humidity is 53%,	 Temperature is 23.4*C
Time Elapsed: 3635 ms
DHT11, OK!
Humidity is 53%,	 Temperature is 23.4*C
Time Elapsed: 1145 ms
DHT11, OK!
Humidity is 53%,	 Temperature is 23.4*C
Time Elapsed: 1145 ms
DHT11, OK!
Humidity is 53%,	 Temperature is 23.4*C
Time Elapsed: 2387 ms
DHT11, OK!
Humidity is 53%,	 Temperature is 23.4*C
Time Elapsed: 1145 ms
DHT11, OK!
Humidity is 53%,	 Temperature is 23.4*C
Time Elapsed: 1145 ms
DHT11, OK!
Humidity is 53%,	 Temperature is 23.4*C
Time Elapsed: 1145 ms
DHT11, OK!
Humidity is 53%,	 Temperature is 23.4*C
Time Elapsed: 1145 ms
DHT11, OK!
Humidity is 53%,	 Temperature is 23.4*C
Time Elapsed: 1145 ms
DHT11, OK!
Humidity is 53%,	 Temperature is 23.4*C
Time Elapsed: 1145 ms
DHT11, OK!
Humidity is 53%,	 Temperature is 23.4*C
Time Elapsed: 1145 ms
DHT11, OK!
Humidity is 53%,	 Temperature is 23.4*C
Time Elapsed: 1145 ms
DHT11, OK!
Humidity is 53%,	 Temperature is 23.4*C
Time Elapsed: 1145 ms
DHT11, OK!
Humidity is 53%,	 Temperature is 23.4*C
Time Elapsed: 1145 ms
DHT11, OK!
Humidity is 53%,	 Temperature is 23.4*C
Time Elapsed: 1145 ms
DHT11, OK!
Humidity is 53%,	 Temperature is 23.4*C
Time Elapsed: 1145 ms
DHT11, OK!
Humidity is 53%,	 Temperature is 23.4*C
Time Elapsed: 1145 ms
DHT11, OK!
Humidity is 53%,	 Temperature is 23.4*C
Time Elapsed: 1145 ms
DHT11, OK!
Humidity is 53%,	 Temperature is 23.4*C
Time Elapsed: 1145 ms
DHT11, OK!
Humidity is 53%,	 Temperature is 23.4*C
Time Elapsed: 1145 ms
DHT11, OK!
Humidity is 53%,	 Temperature is 23.4*C
Time Elapsed: 1145 ms
DHT11, OK!
Humidity is 53%,	 Temperature is 23.4*C
Time Elapsed: 2389 ms
DHT11, OK!
Humidity is 53%,	 Temperature is 23.4*C
Time Elapsed: 1145 ms
DHT11, OK!
Humidity is 53%,	 Temperature is 23.4*C
Time Elapsed: 1145 ms
DHT11, OK!
Humidity is 53%,	 Temperature is 23.4*C
Time Elapsed: 1145 ms
DHT11, OK!
Humidity is 53%,	 Temperature is 23.4*C
Time Elapsed: 1145 ms
DHT11, OK!
Humidity is 53%,	 Temperature is 23.4*C
Time Elapsed: 2388 ms
DHT11, OK!
Humidity is 53%,	 Temperature is 23.4*C
Time Elapsed: 1145 ms
DHT11, OK!
Humidity is 53%,	 Temperature is 23.4*C
Time Elapsed: 1145 ms
DHT11, OK!
Humidity is 53%,	 Temperature is 23.4*C
Time Elapsed: 1145 ms
DHT11, OK!
Humidity is 53%,	 Temperature is 23.4*C
Time Elapsed: 1145 ms
DHT11, OK!
Humidity is 53%,	 Temperature is 23.4*C
Time Elapsed: 1145 ms
DHT11, OK!
Humidity is 53%,	 Temperature is 23.4*C
Time Elapsed: 1146 ms
DHT11, OK!
Humidity is 53%,	 Temperature is 23.4*C
Time Elapsed: 1145 ms
DHT11, OK!
Humidity is 53%,	 Temperature is 23.4*C
Time Elapsed: 1145 ms
DHT11, OK!
Humidity is 53%,	 Temperature is 23.4*C
Time Elapsed: 2389 ms
DHT11, OK!
Humidity is 53%,	 Temperature is 23.4*C
Time Elapsed: 1145 ms
DHT11, OK!
Humidity is 53%,	 Temperature is 23.4*C
Time Elapsed: 1145 ms
DHT11, OK!
Humidity is 53%,	 Temperature is 23.4*C
Time Elapsed: 1145 ms
DHT11, OK!
Humidity is 53%,	 Temperature is 23.4*C
Time Elapsed: 1145 ms
DHT11, OK!
Humidity is 53%,	 Temperature is 23.4*C
Time Elapsed: 1145 ms
DHT11, OK!
Humidity is 53%,	 Temperature is 23.4*C
Time Elapsed: 1145 ms
DHT11, OK!
Humidity is 53%,	 Temperature is 23.4*C
Time Elapsed: 1145 ms
DHT11, OK!
Humidity is 53%,	 Temperature is 23.4*C
Time Elapsed: 1145 ms
DHT11, OK!
Humidity is 53%,	 Temperature is 23.4*C
Time Elapsed: 1145 ms
DHT11, OK!
Humidity is 53%,	 Temperature is 23.4*C
Time Elapsed: 2387 ms
DHT11, OK!
Humidity is 53%,	 Temperature is 23.4*C
Time Elapsed: 2389 ms
DHT11, OK!
Humidity is 53%,	 Temperature is 23.4*C
Time Elapsed: 2389 ms
DHT11, OK!
Humidity is 53%,	 Temperature is 23.4*C
Time Elapsed: 1145 ms
DHT11, OK!
Humidity is 53%,	 Temperature is 23.4*C
Time Elapsed: 1145 ms
DHT11, OK!
Humidity is 53%,	 Temperature is 23.4*C
Time Elapsed: 2388 ms
DHT11, OK!
Humidity is 53%,	 Temperature is 23.4*C
Time Elapsed: 2389 ms
DHT11, OK!
Humidity is 53%,	 Temperature is 23.4*C
Time Elapsed: 2389 ms
DHT11, OK!
Humidity is 53%,	 Temperature is 23.4*C
Time Elapsed: 1145 ms
DHT11, OK!
Humidity is 53%,	 Temperature is 23.4*C
Time Elapsed: 1145 ms
DHT11, OK!
Humidity is 53%,	 Temperature is 23.4*C
Time Elapsed: 1145 ms
DHT11, OK!
Humidity is 53%,	 Temperature is 23.4*C
Time Elapsed: 1145 ms
DHT11, OK!
Humidity is 53%,	 Temperature is 23.4*C
Time Elapsed: 2388 ms
DHT11, OK!
Humidity is 53%,	 Temperature is 23.4*C
Time Elapsed: 1145 ms
DHT11, OK!
Humidity is 53%,	 Temperature is 23.4*C
Time Elapsed: 1145 ms
DHT11, OK!
Humidity is 53%,	 Temperature is 23.4*C
Time Elapsed: 1145 ms
DHT11, OK!
Humidity is 53%,	 Temperature is 23.4*C
Time Elapsed: 1145 ms
DHT11, OK!
Humidity is 53%,	 Temperature is 23.4*C
Time Elapsed: 1145 ms
DHT11, OK!
Humidity is 53%,	 Temperature is 23.4*C
Time Elapsed: 1145 ms
DHT11, OK!
Humidity is 53%,	 Temperature is 23.4*C
Time Elapsed: 1145 ms
DHT11, OK!
Humidity is 53%,	 Temperature is 23.4*C
Time Elapsed: 1145 ms
DHT11, OK!
Humidity is 53%,	 Temperature is 23.4*C
Time Elapsed: 2391 ms
DHT11, OK!
Humidity is 53%,	 Temperature is 23.4*C
Time Elapsed: 1145 ms
DHT11, OK!
Humidity is 53%,	 Temperature is 23.4*C
Time Elapsed: 1145 ms
DHT11, OK!
Humidity is 53%,	 Temperature is 23.4*C
Time Elapsed: 1145 ms
DHT11, OK!
Humidity is 53%,	 Temperature is 23.4*C
Time Elapsed: 1145 ms
DHT11, OK!
Humidity is 53%,	 Temperature is 23.4*C
Time Elapsed: 1145 ms
DHT11, OK!
Humidity is 53%,	 Temperature is 23.4*C
Time Elapsed: 1145 ms
DHT11, OK!
Humidity is 53%,	 Temperature is 23.4*C
Time Elapsed: 1146 ms
DHT11, OK!
Humidity is 53%,	 Temperature is 23.4*C
Time Elapsed: 1145 ms
DHT11, OK!
Humidity is 53%,	 Temperature is 23.4*C
Time Elapsed: 1145 ms
DHT11, OK!
Humidity is 53%,	 Temperature is 23.4*C
Time Elapsed: 1145 ms
DHT11, OK!
Humidity is 53%,	 Temperature is 23.4*C
Time Elapsed: 1145 ms
DHT11, OK!
Humidity is 53%,	 Temperature is 23.4*C
Time Elapsed: 1145 ms
DHT11, OK!
Humidity is 53%,	 Temperature is 23.4*C
Time Elapsed: 1145 ms
DHT11, OK!
Humidity is 53%,	 Temperature is 23.4*C
Time Elapsed: 1145 ms
DHT11, OK!
Humidity is 53%,	 Temperature is 23.4*C
Time Elapsed: 1145 ms
DHT11, OK!
Humidity is 53%,	 Temperature is 23.4*C
Time Elapsed: 1147 ms
DHT11, OK!
Humidity is 53%,	 Temperature is 23.4*C
Time Elapsed: 1145 ms
DHT11, OK!
Humidity is 53%,	 Temperature is 23.4*C
Time Elapsed: 1145 ms
DHT11, OK!
Humidity is 53%,	 Temperature is 23.4*C
Time Elapsed: 1145 ms
DHT11, OK!
Humidity is 53%,	 Temperature is 23.4*C
Time Elapsed: 1145 ms
DHT11, OK!
Humidity is 53%,	 Temperature is 23.4*C
Time Elapsed: 1145 ms
DHT11, OK!
Humidity is 53%,	 Temperature is 23.4*C
Time Elapsed: 1145 ms
DHT11, OK!
Humidity is 53%,	 Temperature is 23.4*C
Time Elapsed: 2389 ms
DHT11, OK!
Humidity is 53%,	 Temperature is 23.4*C
Time Elapsed: 1145 ms
DHT11, OK!
Humidity is 53%,	 Temperature is 23.4*C
Time Elapsed: 1145 ms
DHT11, OK!
Humidity is 53%,	 Temperature is 23.4*C
Time Elapsed: 1145 ms
DHT11, OK!
Humidity is 53%,	 Temperature is 23.4*C
Time Elapsed: 1145 ms
DHT11, OK!
Humidity is 53%,	 Temperature is 23.4*C
Time Elapsed: 1145 ms
DHT11, OK!
Humidity is 53%,	 Temperature is 23.4*C
Time Elapsed: 1145 ms
DHT11, OK!
Humidity is 53%,	 Temperature is 23.4*C
Time Elapsed: 1145 ms
DHT11, OK!
Humidity is 53%,	 Temperature is 23.4*C
Time Elapsed: 1145 ms
DHT11, OK!
Humidity is 53%,	 Temperature is 23.4*C
Time Elapsed: 1145 ms
DHT11, OK!
Humidity is 53%,	 Temperature is 23.4*C
Time Elapsed: 1145 ms
DHT11, OK!
Humidity is 53%,	 Temperature is 23.4*C
Time Elapsed: 1145 ms
DHT11, OK!
Humidity is 53%,	 Temperature is 23.4*C
Time Elapsed: 1145 ms
DHT11, OK!
Humidity is 53%,	 Temperature is 23.4*C
Time Elapsed: 2389 ms
DHT11, OK!
Humidity is 53%,	 Temperature is 23.4*C
Time Elapsed: 2390 ms
DHT11, OK!
Humidity is 53%,	 Temperature is 23.4*C
Time Elapsed: 2389 ms
DHT11, OK!
Humidity is 53%,	 Temperature is 23.4*C
Time Elapsed: 1145 ms
DHT11, OK!
Humidity is 53%,	 Temperature is 23.4*C
Time Elapsed: 1145 ms
DHT11, OK!
Humidity is 53%,	 Temperature is 23.4*C
Time Elapsed: 2389 ms
DHT11, OK!
Humidity is 53%,	 Temperature is 23.4*C
Time Elapsed: 2389 ms
DHT11, OK!
Humidity is 53%,	 Temperature is 23.4*C
Time Elapsed: 1145 ms
DHT11, OK!
Humidity is 53%,	 Temperature is 23.4*C
Time Elapsed: 1145 ms
DHT11, OK!
Humidity is 53%,	 Temperature is 23.4*C
Time Elapsed: 2393 ms
DHT11, OK!
Humidity is 53%,	 Temperature is 23.4*C
Time Elapsed: 1145 ms
DHT11, OK!
Humidity is 53%,	 Temperature is 23.4*C
Time Elapsed: 1145 ms
DHT11, OK!
Humidity is 53%,	 Temperature is 23.4*C
Time Elapsed: 1145 ms
DHT11, OK!
Humidity is 53%,	 Temperature is 23.4*C
Time Elapsed: 1145 ms
DHT11, OK!
Humidity is 53%,	 Temperature is 23.4*C
Time Elapsed: 1145 ms
DHT11, OK!
Humidity is 53%,	 Temperature is 23.4*C
Time Elapsed: 2389 ms
DHT11, OK!
Humidity is 53%,	 Temperature is 23.4*C
Time Elapsed: 1145 ms
DHT11, OK!
Humidity is 53%,	 Temperature is 23.4*C
Time Elapsed: 1145 ms
DHT11, OK!
Humidity is 53%,	 Temperature is 23.4*C
Time Elapsed: 2389 ms
DHT11, OK!
Humidity is 53%,	 Temperature is 23.4*C
Time Elapsed: 1145 ms
DHT11, OK!
Humidity is 53%,	 Temperature is 23.4*C
Time Elapsed: 1145 ms
DHT11, OK!
Humidity is 53%,	 Temperature is 23.4*C
Time Elapsed: 1145 ms
DHT11, OK!
Humidity is 53%,	 Temperature is 23.4*C
Time Elapsed: 1145 ms
DHT11, OK!
Humidity is 53%,	 Temperature is 23.4*C
Time Elapsed: 2388 ms
DHT11, OK!
Humidity is 53%,	 Temperature is 23.4*C
Time Elapsed: 1145 ms
DHT11, OK!
Humidity is 53%,	 Temperature is 23.4*C
Time Elapsed: 1145 ms
DHT11, OK!
Humidity is 53%,	 Temperature is 23.4*C
Time Elapsed: 2389 ms
DHT11, OK!
Humidity is 53%,	 Temperature is 23.4*C
Time Elapsed: 1145 ms
DHT11, OK!
Humidity is 53%,	 Temperature is 23.4*C
Time Elapsed: 1145 ms
DHT11, OK!
Humidity is 53%,	 Temperature is 23.4*C
Time Elapsed: 1145 ms
DHT11, OK!
Humidity is 53%,	 Temperature is 23.4*C
Time Elapsed: 1145 ms
DHT11, OK!
Humidity is 53%,	 Temperature is 23.4*C
Time Elapsed: 2388 ms
DHT11, OK!
Humidity is 52%,	 Temperature is 23.4*C
Time Elapsed: 1145 ms
DHT11, OK!
Humidity is 52%,	 Temperature is 23.4*C
Time Elapsed: 1145 ms
DHT11, OK!
Humidity is 52%,	 Temperature is 23.4*C
Time Elapsed: 1145 ms
DHT11, OK!
Humidity is 52%,	 Temperature is 23.4*C
Time Elapsed: 1145 ms
DHT11, OK!
Humidity is 52%,	 Temperature is 23.4*C
Time Elapsed: 1145 ms
DHT11, OK!
Humidity is 52%,	 Temperature is 23.4*C
Time Elapsed: 1145 ms
DHT11, OK!
Humidity is 52%,	 Temperature is 23.4*C
Time Elapsed: 2388 ms
DHT11, OK!
Humidity is 52%,	 Temperature is 23.4*C
Time Elapsed: 2388 ms
DHT11, OK!
Humidity is 52%,	 Temperature is 23.4*C
Time Elapsed: 1145 ms
DHT11, OK!
Humidity is 52%,	 Temperature is 23.4*C
Time Elapsed: 1145 ms
DHT11, OK!
Humidity is 52%,	 Temperature is 23.4*C
Time Elapsed: 1145 ms
DHT11, OK!
Humidity is 52%,	 Temperature is 23.4*C
Time Elapsed: 1145 ms
DHT11, OK!
Humidity is 52%,	 Temperature is 23.4*C
Time Elapsed: 2387 ms
DHT11, OK!
Humidity is 52%,	 Temperature is 23.4*C
Time Elapsed: 1144 ms
DHT11, OK!
Humidity is 52%,	 Temperature is 23.4*C
Time Elapsed: 1145 ms
DHT11, OK!
Humidity is 52%,	 Temperature is 23.4*C
Time Elapsed: 1145 ms
DHT11, OK!
Humidity is 52%,	 Temperature is 23.4*C
Time Elapsed: 1145 ms
DHT11, OK!
Humidity is 52%,	 Temperature is 23.4*C
Time Elapsed: 1145 ms
DHT11, OK!
Humidity is 52%,	 Temperature is 23.4*C
Time Elapsed: 1145 ms
DHT11, OK!
Humidity is 52%,	 Temperature is 23.4*C
Time Elapsed: 2387 ms
DHT11, OK!
Humidity is 52%,	 Temperature is 23.4*C
Time Elapsed: 1145 ms
DHT11, OK!
Humidity is 52%,	 Temperature is 23.4*C
Time Elapsed: 1145 ms
DHT11, OK!
Humidity is 52%,	 Temperature is 23.4*C
Time Elapsed: 1145 ms
DHT11, OK!
Humidity is 52%,	 Temperature is 23.4*C
Time Elapsed: 1145 ms
DHT11, OK!
Humidity is 52%,	 Temperature is 23.4*C
Time Elapsed: 2397 ms
DHT11, OK!
Humidity is 53%,	 Temperature is 23.4*C
Time Elapsed: 1145 ms
DHT11, OK!
Humidity is 53%,	 Temperature is 23.4*C
Time Elapsed: 1145 ms
DHT11, OK!
Humidity is 53%,	 Temperature is 23.4*C
Time Elapsed: 2389 ms
DHT11, OK!
Humidity is 53%,	 Temperature is 23.4*C
Time Elapsed: 1145 ms
DHT11, OK!
Humidity is 53%,	 Temperature is 23.4*C
Time Elapsed: 1145 ms
DHT11, OK!
Humidity is 52%,	 Temperature is 23.4*C
Time Elapsed: 2389 ms
DHT11, OK!
Humidity is 53%,	 Temperature is 23.4*C
Time Elapsed: 1145 ms
DHT11, OK!
Humidity is 53%,	 Temperature is 23.4*C
Time Elapsed: 1145 ms
DHT11, OK!
Humidity is 53%,	 Temperature is 23.4*C
Time Elapsed: 2389 ms
DHT11, OK!
Humidity is 53%,	 Temperature is 23.4*C
Time Elapsed: 1145 ms
DHT11, OK!
Humidity is 53%,	 Temperature is 23.4*C
Time Elapsed: 1145 ms
DHT11, OK!
Humidity is 53%,	 Temperature is 23.4*C
Time Elapsed: 2389 ms
DHT11, OK!
Humidity is 53%,	 Temperature is 23.4*C
Time Elapsed: 2389 ms
DHT11, OK!
Humidity is 53%,	 Temperature is 23.4*C
Time Elapsed: 2389 ms
DHT11, OK!
Humidity is 53%,	 Temperature is 23.4*C
Time Elapsed: 1145 ms
DHT11, OK!
Humidity is 53%,	 Temperature is 23.4*C
Time Elapsed: 1145 ms
DHT11, OK!
Humidity is 53%,	 Temperature is 23.4*C
Time Elapsed: 1145 ms
DHT11, OK!
Humidity is 53%,	 Temperature is 23.4*C
Time Elapsed: 1145 ms
DHT11, OK!
Humidity is 53%,	 Temperature is 23.4*C
Time Elapsed: 2388 ms
DHT11, OK!
Humidity is 53%,	 Temperature is 23.4*C
Time Elapsed: 1145 ms
DHT11, OK!
Humidity is 53%,	 Temperature is 23.4*C
Time Elapsed: 1145 ms
DHT11, OK!
Humidity is 53%,	 Temperature is 23.4*C
Time Elapsed: 1145 ms
DHT11, OK!
Humidity is 53%,	 Temperature is 23.4*C
Time Elapsed: 1145 ms
DHT11, OK!
Humidity is 53%,	 Temperature is 23.4*C
Time Elapsed: 1145 ms
DHT11, OK!
Humidity is 53%,	 Temperature is 23.4*C
Time Elapsed: 1145 ms
DHT11, OK!
Humidity is 53%,	 Temperature is 23.4*C
Time Elapsed: 2387 ms
DHT11, OK!
Humidity is 53%,	 Temperature is 23.4*C
Time Elapsed: 1145 ms
DHT11, OK!
Humidity is 53%,	 Temperature is 23.4*C
Time Elapsed: 1145 ms
DHT11, OK!
Humidity is 53%,	 Temperature is 23.4*C
Time Elapsed: 1145 ms
DHT11, OK!
Humidity is 53%,	 Temperature is 23.4*C
Time Elapsed: 1145 ms
DHT11, OK!
Humidity is 53%,	 Temperature is 23.4*C
Time Elapsed: 1145 ms
DHT11, OK!
Humidity is 53%,	 Temperature is 23.4*C
Time Elapsed: 1145 ms
DHT11, OK!
Humidity is 53%,	 Temperature is 23.4*C
Time Elapsed: 1145 ms
Writer program is starting...
DHT11, OK!
Humidity is 53%,	 Temperature is 23.4*C
Time Elapsed: 1000 ms
DHT11, OK!
Humidity is 53%,	 Temperature is 23.1*C
Time Elapsed: 1001 ms
DHT11, OK!
Humidity is 53%,	 Temperature is 23.1*C
Time Elapsed: 1001 ms
DHT11, OK!
Humidity is 53%,	 Temperature is 23.1*C
Time Elapsed: 1001 ms
DHT11, OK!
Humidity is 53%,	 Temperature is 23.2*C
Time Elapsed: 1001 ms
DHT11, OK!
Humidity is 53%,	 Temperature is 23.2*C
Time Elapsed: 1001 ms
DHT11, OK!
Humidity is 53%,	 Temperature is 23.1*C
Time Elapsed: 1001 ms
DHT11, OK!
Humidity is 53%,	 Temperature is 23.4*C
Time Elapsed: 1765 ms
DHT11, OK!
Humidity is 53%,	 Temperature is 23.4*C
Time Elapsed: 1145 ms
DHT11, OK!
Humidity is 53%,	 Temperature is 23.4*C
Time Elapsed: 1145 ms
DHT11, OK!
Humidity is 53%,	 Temperature is 23.4*C
Time Elapsed: 1145 ms
DHT11, OK!
Humidity is 53%,	 Temperature is 23.4*C
Time Elapsed: 1145 ms
DHT11, OK!
Humidity is 53%,	 Temperature is 23.4*C
Time Elapsed: 1145 ms
DHT11, OK!
Humidity is 53%,	 Temperature is 23.4*C
Time Elapsed: 1145 ms
DHT11, OK!
Humidity is 53%,	 Temperature is 23.4*C
Time Elapsed: 1145 ms
DHT11, OK!
Humidity is 53%,	 Temperature is 23.4*C
Time Elapsed: 1145 ms
DHT11, OK!
Humidity is 53%,	 Temperature is 23.4*C
Time Elapsed: 1145 ms
DHT11, OK!
Humidity is 53%,	 Temperature is 23.4*C
Time Elapsed: 1145 ms
DHT11, OK!
Humidity is 53%,	 Temperature is 23.4*C
Time Elapsed: 2389 ms
DHT11, OK!
Humidity is 53%,	 Temperature is 23.4*C
Time Elapsed: 1145 ms
DHT11, OK!
Humidity is 53%,	 Temperature is 23.4*C
Time Elapsed: 1145 ms
DHT11, OK!
Humidity is 53%,	 Temperature is 23.4*C
Time Elapsed: 1145 ms
DHT11, OK!
Humidity is 53%,	 Temperature is 23.4*C
Time Elapsed: 1145 ms
DHT11, OK!
Humidity is 53%,	 Temperature is 23.4*C
Time Elapsed: 1145 ms
DHT11, OK!
Humidity is 53%,	 Temperature is 23.4*C
Time Elapsed: 2390 ms
DHT11, OK!
Humidity is 53%,	 Temperature is 23.4*C
Time Elapsed: 2389 ms
DHT11, OK!
Humidity is 53%,	 Temperature is 23.4*C
Time Elapsed: 1144 ms
DHT11, OK!
Humidity is 53%,	 Temperature is 23.4*C
Time Elapsed: 1145 ms
DHT11, OK!
Humidity is 53%,	 Temperature is 23.4*C
Time Elapsed: 2389 ms
DHT11, OK!
Humidity is 53%,	 Temperature is 23.4*C
Time Elapsed: 1145 ms
DHT11, OK!
Humidity is 53%,	 Temperature is 23.4*C
Time Elapsed: 1145 ms
DHT11, OK!
Humidity is 53%,	 Temperature is 23.5*C
Time Elapsed: 1145 ms
DHT11, OK!
Humidity is 53%,	 Temperature is 23.4*C
Time Elapsed: 1145 ms
DHT11, OK!
Humidity is 53%,	 Temperature is 23.5*C
Time Elapsed: 1145 ms
DHT11, OK!
Humidity is 53%,	 Temperature is 23.5*C
Time Elapsed: 1145 ms
DHT11, OK!
Humidity is 53%,	 Temperature is 23.6*C
Time Elapsed: 1145 ms
DHT11, OK!
Humidity is 53%,	 Temperature is 23.6*C
Time Elapsed: 1146 ms
DHT11, OK!
Humidity is 53%,	 Temperature is 23.6*C
Time Elapsed: 1145 ms
DHT11, OK!
Humidity is 53%,	 Temperature is 23.7*C
Time Elapsed: 2389 ms
DHT11, OK!
Humidity is 53%,	 Temperature is 23.7*C
Time Elapsed: 2389 ms
DHT11, OK!
Humidity is 53%,	 Temperature is 23.7*C
Time Elapsed: 1145 ms
DHT11, OK!
Humidity is 53%,	 Temperature is 23.7*C
Time Elapsed: 2387 ms
DHT11, OK!
Humidity is 53%,	 Temperature is 23.7*C
Time Elapsed: 1145 ms
DHT11, OK!
Humidity is 53%,	 Temperature is 23.7*C
Time Elapsed: 1145 ms
DHT11, OK!
Humidity is 53%,	 Temperature is 23.7*C
Time Elapsed: 1145 ms
DHT11, OK!
Humidity is 53%,	 Temperature is 23.7*C
Time Elapsed: 1145 ms
DHT11, OK!
Humidity is 53%,	 Temperature is 23.7*C
Time Elapsed: 1145 ms
DHT11, OK!
Humidity is 53%,	 Temperature is 23.7*C
Time Elapsed: 1145 ms
DHT11, OK!
Humidity is 53%,	 Temperature is 23.7*C
Time Elapsed: 1146 ms
DHT11, OK!
Humidity is 53%,	 Temperature is 23.7*C
Time Elapsed: 1145 ms
DHT11, OK!
Humidity is 53%,	 Temperature is 23.7*C
Time Elapsed: 1145 ms
DHT11, OK!
Humidity is 53%,	 Temperature is 23.7*C
Time Elapsed: 1145 ms
DHT11, OK!
Humidity is 53%,	 Temperature is 23.7*C
Time Elapsed: 1145 ms
DHT11, OK!
Humidity is 53%,	 Temperature is 23.7*C
Time Elapsed: 1145 ms
DHT11, OK!
Humidity is 53%,	 Temperature is 23.7*C
Time Elapsed: 1145 ms
DHT11, OK!
Humidity is 53%,	 Temperature is 23.7*C
Time Elapsed: 1145 ms
DHT11, OK!
Humidity is 53%,	 Temperature is 23.7*C
Time Elapsed: 1145 ms
DHT11, OK!
Humidity is 53%,	 Temperature is 23.7*C
Time Elapsed: 2390 ms
DHT11, OK!
Humidity is 53%,	 Temperature is 23.7*C
Time Elapsed: 1145 ms
DHT11, OK!
Humidity is 53%,	 Temperature is 23.7*C
Time Elapsed: 1145 ms
DHT11, OK!
Humidity is 53%,	 Temperature is 23.7*C
Time Elapsed: 1145 ms
DHT11, OK!
Humidity is 53%,	 Temperature is 23.7*C
Time Elapsed: 1145 ms
DHT11, OK!
Humidity is 53%,	 Temperature is 23.7*C
Time Elapsed: 1145 ms
DHT11, OK!
Humidity is 53%,	 Temperature is 23.7*C
Time Elapsed: 3634 ms
DHT11, OK!
Humidity is 53%,	 Temperature is 23.7*C
Time Elapsed: 1145 ms
DHT11, OK!
Humidity is 53%,	 Temperature is 23.7*C
Time Elapsed: 1145 ms
DHT11, OK!
Humidity is 53%,	 Temperature is 23.7*C
Time Elapsed: 1145 ms
DHT11, OK!
Humidity is 53%,	 Temperature is 23.7*C
Time Elapsed: 1146 ms
DHT11, OK!
Humidity is 53%,	 Temperature is 23.7*C
Time Elapsed: 1145 ms
DHT11, OK!
Humidity is 53%,	 Temperature is 23.7*C
Time Elapsed: 1145 ms
DHT11, OK!
Humidity is 53%,	 Temperature is 23.7*C
Time Elapsed: 1145 ms
DHT11, OK!
Humidity is 53%,	 Temperature is 23.7*C
Time Elapsed: 1145 ms
DHT11, OK!
Humidity is 53%,	 Temperature is 23.7*C
Time Elapsed: 1145 ms
DHT11, OK!
Humidity is 53%,	 Temperature is 23.7*C
Time Elapsed: 1146 ms
DHT11, OK!
Humidity is 53%,	 Temperature is 23.7*C
Time Elapsed: 2387 ms
DHT11, OK!
Humidity is 53%,	 Temperature is 23.7*C
Time Elapsed: 1145 ms
DHT11, OK!
Humidity is 53%,	 Temperature is 23.7*C
Time Elapsed: 1145 ms
DHT11, OK!
Humidity is 53%,	 Temperature is 23.7*C
Time Elapsed: 1145 ms
DHT11, OK!
Humidity is 53%,	 Temperature is 23.7*C
Time Elapsed: 1145 ms
DHT11, OK!
Humidity is 53%,	 Temperature is 23.7*C
Time Elapsed: 2387 ms
DHT11, OK!
Humidity is 53%,	 Temperature is 23.7*C
Time Elapsed: 1145 ms
DHT11, OK!
Humidity is 53%,	 Temperature is 23.7*C
Time Elapsed: 1145 ms
DHT11, OK!
Humidity is 53%,	 Temperature is 23.7*C
Time Elapsed: 1147 ms
DHT11, OK!
Humidity is 53%,	 Temperature is 23.7*C
Time Elapsed: 1145 ms
DHT11, OK!
Humidity is 53%,	 Temperature is 23.7*C
Time Elapsed: 1145 ms
DHT11, OK!
Humidity is 53%,	 Temperature is 23.7*C
Time Elapsed: 1145 ms
DHT11, OK!
Humidity is 53%,	 Temperature is 23.7*C
Time Elapsed: 1145 ms
DHT11, OK!
Humidity is 53%,	 Temperature is 23.7*C
Time Elapsed: 2387 ms
DHT11, OK!
Humidity is 53%,	 Temperature is 23.7*C
Time Elapsed: 1145 ms
DHT11, OK!
Humidity is 53%,	 Temperature is 23.7*C
Time Elapsed: 1145 ms
DHT11, OK!
Humidity is 53%,	 Temperature is 23.7*C
Time Elapsed: 1145 ms
DHT11, OK!
Humidity is 53%,	 Temperature is 23.7*C
Time Elapsed: 1145 ms
DHT11, OK!
Humidity is 53%,	 Temperature is 23.7*C
Time Elapsed: 2387 ms
DHT11, OK!
Humidity is 53%,	 Temperature is 23.7*C
Time Elapsed: 1145 ms
DHT11, OK!
Humidity is 53%,	 Temperature is 23.7*C
Time Elapsed: 1146 ms
DHT11, OK!
Humidity is 53%,	 Temperature is 23.7*C
Time Elapsed: 1145 ms
DHT11, OK!
Humidity is 53%,	 Temperature is 23.7*C
Time Elapsed: 1145 ms
DHT11, OK!
Humidity is 53%,	 Temperature is 23.7*C
Time Elapsed: 1145 ms
DHT11, OK!
Humidity is 53%,	 Temperature is 23.7*C
Time Elapsed: 1145 ms
DHT11, OK!
Humidity is 53%,	 Temperature is 23.7*C
Time Elapsed: 1145 ms
DHT11, OK!
Humidity is 53%,	 Temperature is 23.7*C
Time Elapsed: 1145 ms
DHT11, OK!
Humidity is 53%,	 Temperature is 23.7*C
Time Elapsed: 1145 ms
DHT11, OK!
Humidity is 53%,	 Temperature is 23.7*C
Time Elapsed: 1145 ms
DHT11, OK!
Humidity is 53%,	 Temperature is 23.7*C
Time Elapsed: 1145 ms
DHT11, OK!
Humidity is 53%,	 Temperature is 23.7*C
Time Elapsed: 1145 ms
DHT11, OK!
Humidity is 53%,	 Temperature is 23.7*C
Time Elapsed: 1145 ms
DHT11, OK!
Humidity is 53%,	 Temperature is 23.6*C
Time Elapsed: 1145 ms
DHT11, OK!
Humidity is 53%,	 Temperature is 23.7*C
Time Elapsed: 1149 ms
DHT11, OK!
Humidity is 53%,	 Temperature is 23.7*C
Time Elapsed: 1145 ms
DHT11, OK!
Humidity is 53%,	 Temperature is 23.7*C
Time Elapsed: 1146 ms
DHT11, OK!
Humidity is 53%,	 Temperature is 23.7*C
Time Elapsed: 1145 ms
DHT11, OK!
Humidity is 53%,	 Temperature is 23.7*C
Time Elapsed: 1145 ms
DHT11, OK!
Humidity is 53%,	 Temperature is 23.7*C
Time Elapsed: 2388 ms
DHT11, OK!
Humidity is 53%,	 Temperature is 23.7*C
Time Elapsed: 2389 ms
DHT11, OK!
Humidity is 53%,	 Temperature is 23.7*C
Time Elapsed: 1145 ms
DHT11, OK!
Humidity is 53%,	 Temperature is 23.7*C
Time Elapsed: 1145 ms
DHT11, OK!
Humidity is 53%,	 Temperature is 23.7*C
Time Elapsed: 2390 ms
DHT11, OK!
Humidity is 53%,	 Temperature is 23.7*C
Time Elapsed: 1146 ms
DHT11, OK!
Humidity is 53%,	 Temperature is 23.7*C
Time Elapsed: 2392 ms
DHT11, OK!
Humidity is 53%,	 Temperature is 23.6*C
Time Elapsed: 2390 ms
DHT11, OK!
Humidity is 53%,	 Temperature is 23.7*C
Time Elapsed: 2388 ms
DHT11, OK!
Humidity is 53%,	 Temperature is 23.7*C
Time Elapsed: 2390 ms
DHT11, OK!
Humidity is 53%,	 Temperature is 23.7*C
Time Elapsed: 2389 ms
DHT11, OK!
Humidity is 53%,	 Temperature is 23.6*C
Time Elapsed: 2389 ms
DHT11, OK!
Humidity is 53%,	 Temperature is 23.7*C
Time Elapsed: 2389 ms
DHT11, OK!
Humidity is 53%,	 Temperature is 23.7*C
Time Elapsed: 2390 ms
DHT11, OK!
Humidity is 53%,	 Temperature is 23.7*C
Time Elapsed: 1149 ms
DHT11, OK!
Humidity is 53%,	 Temperature is 23.7*C
Time Elapsed: 2389 ms
DHT11, OK!
Humidity is 53%,	 Temperature is 23.7*C
Time Elapsed: 1145 ms
DHT11, OK!
Humidity is 53%,	 Temperature is 23.7*C
Time Elapsed: 1145 ms
DHT11, OK!
Humidity is 53%,	 Temperature is 23.7*C
Time Elapsed: 1145 ms
DHT11, OK!
Humidity is 53%,	 Temperature is 23.7*C
Time Elapsed: 1145 ms
DHT11, OK!
Humidity is 53%,	 Temperature is 23.7*C
Time Elapsed: 2390 ms
DHT11, OK!
Humidity is 53%,	 Temperature is 23.6*C
Time Elapsed: 1145 ms
DHT11, OK!
Humidity is 53%,	 Temperature is 23.7*C
Time Elapsed: 1145 ms
DHT11, OK!
Humidity is 53%,	 Temperature is 23.7*C
Time Elapsed: 1145 ms
DHT11, OK!
Humidity is 53%,	 Temperature is 23.7*C
Time Elapsed: 1145 ms
DHT11, OK!
Humidity is 53%,	 Temperature is 23.7*C
Time Elapsed: 1145 ms
DHT11, OK!
Humidity is 53%,	 Temperature is 23.7*C
Time Elapsed: 1145 ms
DHT11, OK!
Humidity is 53%,	 Temperature is 23.7*C
Time Elapsed: 1145 ms
DHT11, OK!
Humidity is 53%,	 Temperature is 23.7*C
Time Elapsed: 1145 ms
DHT11, OK!
Humidity is 53%,	 Temperature is 23.7*C
Time Elapsed: 1145 ms
DHT11, OK!
Humidity is 53%,	 Temperature is 23.7*C
Time Elapsed: 1145 ms
DHT11, OK!
Humidity is 53%,	 Temperature is 23.7*C
Time Elapsed: 2395 ms
DHT11, OK!
Humidity is 53%,	 Temperature is 23.7*C
Time Elapsed: 1145 ms
DHT11, OK!
Humidity is 53%,	 Temperature is 23.7*C
Time Elapsed: 1145 ms
DHT11, OK!
Humidity is 53%,	 Temperature is 23.7*C
Time Elapsed: 1145 ms
DHT11, OK!
Humidity is 53%,	 Temperature is 23.7*C
Time Elapsed: 1145 ms
DHT11, OK!
Humidity is 53%,	 Temperature is 23.7*C
Time Elapsed: 1145 ms
DHT11, OK!
Humidity is 53%,	 Temperature is 23.7*C
Time Elapsed: 1150 ms
DHT11, OK!
Humidity is 53%,	 Temperature is 23.7*C
Time Elapsed: 1145 ms
DHT11, OK!
Humidity is 53%,	 Temperature is 23.7*C
Time Elapsed: 2392 ms
DHT11, OK!
Humidity is 53%,	 Temperature is 23.7*C
Time Elapsed: 2387 ms
DHT11, OK!
Humidity is 53%,	 Temperature is 23.7*C
Time Elapsed: 1145 ms
DHT11, OK!
Humidity is 53%,	 Temperature is 23.7*C
Time Elapsed: 1145 ms
DHT11, OK!
Humidity is 53%,	 Temperature is 23.7*C
Time Elapsed: 1145 ms
DHT11, OK!
Humidity is 53%,	 Temperature is 23.7*C
Time Elapsed: 1145 ms
DHT11, OK!
Humidity is 53%,	 Temperature is 23.7*C
Time Elapsed: 1145 ms
DHT11, OK!
Humidity is 53%,	 Temperature is 23.7*C
Time Elapsed: 1145 ms
DHT11, OK!
Humidity is 53%,	 Temperature is 23.7*C
Time Elapsed: 1145 ms
DHT11, OK!
Humidity is 53%,	 Temperature is 23.7*C
Time Elapsed: 3635 ms
DHT11, OK!
Humidity is 53%,	 Temperature is 23.7*C
Time Elapsed: 1145 ms
DHT11, OK!
Humidity is 53%,	 Temperature is 23.7*C
Time Elapsed: 2392 ms
DHT11, OK!
Humidity is 53%,	 Temperature is 23.7*C
Time Elapsed: 1145 ms
DHT11, OK!
Humidity is 53%,	 Temperature is 23.7*C
Time Elapsed: 1145 ms
DHT11, OK!
Humidity is 53%,	 Temperature is 23.7*C
Time Elapsed: 1145 ms
DHT11, OK!
Humidity is 53%,	 Temperature is 23.7*C
Time Elapsed: 1145 ms
DHT11, OK!
Humidity is 53%,	 Temperature is 23.8*C
Time Elapsed: 1145 ms
DHT11, OK!
Humidity is 53%,	 Temperature is 23.7*C
Time Elapsed: 1145 ms
DHT11, OK!
Humidity is 53%,	 Temperature is 23.7*C
Time Elapsed: 1145 ms
DHT11, OK!
Humidity is 53%,	 Temperature is 23.7*C
Time Elapsed: 1145 ms
DHT11, OK!
Humidity is 53%,	 Temperature is 23.7*C
Time Elapsed: 1145 ms
DHT11, OK!
Humidity is 53%,	 Temperature is 23.8*C
Time Elapsed: 1145 ms
DHT11, OK!
Humidity is 53%,	 Temperature is 23.7*C
Time Elapsed: 1145 ms
DHT11, OK!
Humidity is 53%,	 Temperature is 23.7*C
Time Elapsed: 1145 ms
DHT11, OK!
Humidity is 53%,	 Temperature is 23.8*C
Time Elapsed: 1145 ms
DHT11, OK!
Humidity is 53%,	 Temperature is 23.7*C
Time Elapsed: 1145 ms
DHT11, OK!
Humidity is 53%,	 Temperature is 23.7*C
Time Elapsed: 1145 ms
DHT11, OK!
Humidity is 53%,	 Temperature is 23.7*C
Time Elapsed: 1145 ms
DHT11, OK!
Humidity is 53%,	 Temperature is 23.7*C
Time Elapsed: 1145 ms
DHT11, OK!
Humidity is 53%,	 Temperature is 23.8*C
Time Elapsed: 1150 ms
DHT11, OK!
Humidity is 53%,	 Temperature is 23.8*C
Time Elapsed: 1145 ms
DHT11, OK!
Humidity is 53%,	 Temperature is 23.8*C
Time Elapsed: 1145 ms
DHT11, OK!
Humidity is 53%,	 Temperature is 23.8*C
Time Elapsed: 2389 ms
DHT11, OK!
Humidity is 53%,	 Temperature is 23.8*C
Time Elapsed: 2389 ms
DHT11, OK!
Humidity is 53%,	 Temperature is 23.8*C
Time Elapsed: 2389 ms
DHT11, OK!
Humidity is 53%,	 Temperature is 23.7*C
Time Elapsed: 2390 ms
DHT11, OK!
Humidity is 53%,	 Temperature is 23.8*C
Time Elapsed: 2389 ms
DHT11, OK!
Humidity is 53%,	 Temperature is 23.8*C
Time Elapsed: 2389 ms
DHT11, OK!
Humidity is 53%,	 Temperature is 23.7*C
Time Elapsed: 1145 ms
DHT11, OK!
Humidity is 53%,	 Temperature is 23.8*C
Time Elapsed: 1145 ms
DHT11, OK!
Humidity is 53%,	 Temperature is 23.7*C
Time Elapsed: 1145 ms
DHT11, OK!
Humidity is 53%,	 Temperature is 23.7*C
Time Elapsed: 1145 ms
DHT11, OK!
Humidity is 53%,	 Temperature is 23.8*C
Time Elapsed: 1149 ms
DHT11, OK!
Humidity is 53%,	 Temperature is 23.8*C
Time Elapsed: 1145 ms
DHT11, OK!
Humidity is 53%,	 Temperature is 23.7*C
Time Elapsed: 1145 ms
DHT11, OK!
Humidity is 53%,	 Temperature is 23.8*C
Time Elapsed: 1145 ms
DHT11, OK!
Humidity is 53%,	 Temperature is 23.8*C
Time Elapsed: 1145 ms
DHT11, OK!
Humidity is 53%,	 Temperature is 23.9*C
Time Elapsed: 2391 ms
DHT11, OK!
Humidity is 53%,	 Temperature is 23.8*C
Time Elapsed: 1145 ms
DHT11, OK!
Humidity is 53%,	 Temperature is 23.8*C
Time Elapsed: 2389 ms
DHT11, OK!
Humidity is 53%,	 Temperature is 23.8*C
Time Elapsed: 2390 ms
DHT11, OK!
Humidity is 53%,	 Temperature is 23.9*C
Time Elapsed: 1145 ms
DHT11, OK!
Humidity is 53%,	 Temperature is 23.9*C
Time Elapsed: 1145 ms
DHT11, OK!
Humidity is 53%,	 Temperature is 23.9*C
Time Elapsed: 2387 ms
DHT11, OK!
Humidity is 53%,	 Temperature is 23.9*C
Time Elapsed: 2390 ms
DHT11, OK!
Humidity is 53%,	 Temperature is 23.9*C
Time Elapsed: 2390 ms
DHT11, OK!
Humidity is 53%,	 Temperature is 23.9*C
Time Elapsed: 2390 ms
DHT11, OK!
Humidity is 53%,	 Temperature is 23.9*C
Time Elapsed: 1145 ms
DHT11, OK!
Humidity is 53%,	 Temperature is 23.9*C
Time Elapsed: 1145 ms
DHT11, OK!
Humidity is 53%,	 Temperature is 23.8*C
Time Elapsed: 1145 ms
DHT11, OK!
Humidity is 53%,	 Temperature is 23.9*C
Time Elapsed: 1145 ms
DHT11, OK!
Humidity is 53%,	 Temperature is 23.9*C
Time Elapsed: 1145 ms
DHT11, OK!
Humidity is 53%,	 Temperature is 23.9*C
Time Elapsed: 1145 ms
DHT11, OK!
Humidity is 53%,	 Temperature is 23.9*C
Time Elapsed: 1145 ms
DHT11, OK!
Humidity is 53%,	 Temperature is 23.9*C
Time Elapsed: 1145 ms
DHT11, OK!
Humidity is 53%,	 Temperature is 23.9*C
Time Elapsed: 1145 ms
DHT11, OK!
Humidity is 53%,	 Temperature is 23.9*C
Time Elapsed: 1149 ms
DHT11, OK!
Humidity is 53%,	 Temperature is 23.9*C
Time Elapsed: 1145 ms
DHT11, OK!
Humidity is 53%,	 Temperature is 23.9*C
Time Elapsed: 1145 ms
DHT11, OK!
Humidity is 53%,	 Temperature is 23.9*C
Time Elapsed: 1145 ms
DHT11, OK!
Humidity is 53%,	 Temperature is 23.9*C
Time Elapsed: 1145 ms
DHT11, OK!
Humidity is 53%,	 Temperature is 23.9*C
Time Elapsed: 2390 ms
DHT11, OK!
Humidity is 53%,	 Temperature is 23.9*C
Time Elapsed: 2387 ms
DHT11, OK!
Humidity is 53%,	 Temperature is 23.9*C
Time Elapsed: 1147 ms
DHT11, OK!
Humidity is 53%,	 Temperature is 23.9*C
Time Elapsed: 1145 ms
DHT11, OK!
Humidity is 53%,	 Temperature is 23.9*C
Time Elapsed: 1145 ms
DHT11, OK!
Humidity is 53%,	 Temperature is 23.9*C
Time Elapsed: 1145 ms
DHT11, OK!
Humidity is 53%,	 Temperature is 23.9*C
Time Elapsed: 1145 ms
DHT11, OK!
Humidity is 53%,	 Temperature is 23.9*C
Time Elapsed: 1145 ms
DHT11, OK!
Humidity is 53%,	 Temperature is 23.9*C
Time Elapsed: 1145 ms
DHT11, OK!
Humidity is 53%,	 Temperature is 23.9*C
Time Elapsed: 1145 ms
DHT11, OK!
Humidity is 53%,	 Temperature is 23.9*C
Time Elapsed: 1145 ms
DHT11, OK!
Humidity is 53%,	 Temperature is 23.9*C
Time Elapsed: 1145 ms
DHT11, OK!
Humidity is 53%,	 Temperature is 23.9*C
Time Elapsed: 1145 ms
DHT11, OK!
Humidity is 53%,	 Temperature is 23.9*C
Time Elapsed: 1145 ms
DHT11, OK!
Humidity is 53%,	 Temperature is 23.9*C
Time Elapsed: 1145 ms
DHT11, OK!
Humidity is 53%,	 Temperature is 23.9*C
Time Elapsed: 1145 ms
DHT11, OK!
Humidity is 53%,	 Temperature is 23.9*C
Time Elapsed: 2390 ms
DHT11, OK!
Humidity is 53%,	 Temperature is 23.9*C
Time Elapsed: 1145 ms
DHT11, OK!
Humidity is 53%,	 Temperature is 23.9*C
Time Elapsed: 1145 ms
DHT11, OK!
Humidity is 53%,	 Temperature is 23.9*C
Time Elapsed: 3634 ms
DHT11, OK!
Humidity is 53%,	 Temperature is 23.9*C
Time Elapsed: 1145 ms
DHT11, OK!
Humidity is 53%,	 Temperature is 23.9*C
Time Elapsed: 1145 ms
DHT11, OK!
Humidity is 53%,	 Temperature is 23.9*C
Time Elapsed: 1145 ms
DHT11, OK!
Humidity is 53%,	 Temperature is 23.9*C
Time Elapsed: 1145 ms
DHT11, OK!
Humidity is 53%,	 Temperature is 23.9*C
Time Elapsed: 1145 ms
DHT11, OK!
Humidity is 53%,	 Temperature is 23.9*C
Time Elapsed: 1145 ms
DHT11, OK!
Humidity is 53%,	 Temperature is 23.9*C
Time Elapsed: 1145 ms
DHT11, OK!
Humidity is 53%,	 Temperature is 23.9*C
Time Elapsed: 2390 ms
DHT11, OK!
Humidity is 53%,	 Temperature is 23.9*C
Time Elapsed: 1145 ms
DHT11, OK!
Humidity is 53%,	 Temperature is 23.9*C
Time Elapsed: 1145 ms
DHT11, OK!
Humidity is 53%,	 Temperature is 23.9*C
Time Elapsed: 1145 ms
DHT11, OK!
Humidity is 53%,	 Temperature is 23.9*C
Time Elapsed: 2391 ms
DHT11, OK!
Humidity is 53%,	 Temperature is 23.9*C
Time Elapsed: 2390 ms
DHT11, OK!
Humidity is 53%,	 Temperature is 23.9*C
Time Elapsed: 2387 ms
DHT11, OK!
Humidity is 53%,	 Temperature is 23.9*C
Time Elapsed: 2390 ms
DHT11, OK!
Humidity is 53%,	 Temperature is 23.9*C
Time Elapsed: 2389 ms
DHT11, OK!
Humidity is 53%,	 Temperature is 23.9*C
Time Elapsed: 2390 ms
DHT11, OK!
Humidity is 53%,	 Temperature is 23.9*C
Time Elapsed: 1145 ms
DHT11, OK!
Humidity is 53%,	 Temperature is 23.9*C
Time Elapsed: 1145 ms
DHT11, OK!
Humidity is 53%,	 Temperature is 23.9*C
Time Elapsed: 1145 ms
DHT11, OK!
Humidity is 53%,	 Temperature is 23.9*C
Time Elapsed: 1144 ms
DHT11, OK!
Humidity is 53%,	 Temperature is 23.9*C
Time Elapsed: 2396 ms
DHT11, OK!
Humidity is 53%,	 Temperature is 23.9*C
Time Elapsed: 1145 ms
DHT11, OK!
Humidity is 53%,	 Temperature is 23.9*C
Time Elapsed: 1145 ms
DHT11, OK!
Humidity is 53%,	 Temperature is 23.9*C
Time Elapsed: 1145 ms
DHT11, OK!
Humidity is 53%,	 Temperature is 23.9*C
Time Elapsed: 1144 ms
DHT11, OK!
Humidity is 53%,	 Temperature is 23.9*C
Time Elapsed: 1145 ms
DHT11, OK!
Humidity is 53%,	 Temperature is 23.9*C
Time Elapsed: 1145 ms
DHT11, OK!
Humidity is 53%,	 Temperature is 23.9*C
Time Elapsed: 1145 ms
DHT11, OK!
Humidity is 53%,	 Temperature is 23.9*C
Time Elapsed: 1145 ms
DHT11, OK!
Humidity is 53%,	 Temperature is 23.9*C
Time Elapsed: 1145 ms
DHT11, OK!
Humidity is 53%,	 Temperature is 23.9*C
Time Elapsed: 1145 ms
DHT11, OK!
Humidity is 53%,	 Temperature is 23.9*C
Time Elapsed: 1145 ms
DHT11, OK!
Humidity is 53%,	 Temperature is 23.9*C
Time Elapsed: 1145 ms
DHT11, OK!
Humidity is 53%,	 Temperature is 23.9*C
Time Elapsed: 1145 ms
DHT11, OK!
Humidity is 53%,	 Temperature is 23.9*C
Time Elapsed: 1145 ms
DHT11, OK!
Humidity is 53%,	 Temperature is 23.9*C
Time Elapsed: 1145 ms
DHT11, OK!
Humidity is 53%,	 Temperature is 23.9*C
Time Elapsed: 1145 ms
DHT11, OK!
Humidity is 53%,	 Temperature is 23.9*C
Time Elapsed: 1145 ms
DHT11, OK!
Humidity is 53%,	 Temperature is 23.9*C
Time Elapsed: 1145 ms
DHT11, OK!
Humidity is 53%,	 Temperature is 23.9*C
Time Elapsed: 1145 ms
DHT11, OK!
Humidity is 53%,	 Temperature is 23.9*C
Time Elapsed: 1145 ms
DHT11, OK!
Humidity is 53%,	 Temperature is 23.9*C
Time Elapsed: 1145 ms
DHT11, OK!
Humidity is 53%,	 Temperature is 23.9*C
Time Elapsed: 1145 ms
DHT11, OK!
Humidity is 53%,	 Temperature is 23.9*C
Time Elapsed: 1145 ms
DHT11, OK!
Humidity is 53%,	 Temperature is 23.9*C
Time Elapsed: 1145 ms
DHT11, OK!
Humidity is 53%,	 Temperature is 23.9*C
Time Elapsed: 1145 ms
DHT11, OK!
Humidity is 53%,	 Temperature is 23.9*C
Time Elapsed: 1145 ms
DHT11, OK!
Humidity is 53%,	 Temperature is 23.9*C
Time Elapsed: 1145 ms
DHT11, OK!
Humidity is 53%,	 Temperature is 23.9*C
Time Elapsed: 1145 ms
DHT11, OK!
Humidity is 53%,	 Temperature is 23.9*C
Time Elapsed: 1145 ms
DHT11, OK!
Humidity is 53%,	 Temperature is 23.9*C
Time Elapsed: 1145 ms
DHT11, OK!
Humidity is 53%,	 Temperature is 23.9*C
Time Elapsed: 2387 ms
DHT11, OK!
Humidity is 53%,	 Temperature is 23.9*C
Time Elapsed: 1145 ms
DHT11, OK!
Humidity is 53%,	 Temperature is 23.9*C
Time Elapsed: 1145 ms
DHT11, OK!
Humidity is 53%,	 Temperature is 23.9*C
Time Elapsed: 1145 ms
DHT11, OK!
Humidity is 53%,	 Temperature is 23.9*C
Time Elapsed: 1146 ms
DHT11, OK!
Humidity is 53%,	 Temperature is 23.9*C
Time Elapsed: 1145 ms
DHT11, OK!
Humidity is 53%,	 Temperature is 23.9*C
Time Elapsed: 1145 ms
DHT11, OK!
Humidity is 53%,	 Temperature is 23.9*C
Time Elapsed: 1145 ms
DHT11, OK!
Humidity is 53%,	 Temperature is 23.9*C
Time Elapsed: 1145 ms
DHT11, OK!
Humidity is 53%,	 Temperature is 23.9*C
Time Elapsed: 1145 ms
DHT11, OK!
Humidity is 53%,	 Temperature is 23.9*C
Time Elapsed: 1145 ms
DHT11, OK!
Humidity is 53%,	 Temperature is 23.9*C
Time Elapsed: 1145 ms
DHT11, OK!
Humidity is 53%,	 Temperature is 23.9*C
Time Elapsed: 1145 ms
DHT11, OK!
Humidity is 53%,	 Temperature is 23.9*C
Time Elapsed: 1145 ms
DHT11, OK!
Humidity is 53%,	 Temperature is 23.9*C
Time Elapsed: 1145 ms
DHT11, OK!
Humidity is 53%,	 Temperature is 23.9*C
Time Elapsed: 1145 ms
DHT11, OK!
Humidity is 53%,	 Temperature is 23.9*C
Time Elapsed: 1145 ms
DHT11, OK!
Humidity is 53%,	 Temperature is 23.9*C
Time Elapsed: 1145 ms
DHT11, OK!
Humidity is 53%,	 Temperature is 23.9*C
Time Elapsed: 1145 ms
DHT11, OK!
Humidity is 53%,	 Temperature is 23.9*C
Time Elapsed: 1145 ms
DHT11, OK!
Humidity is 53%,	 Temperature is 23.9*C
Time Elapsed: 1145 ms
DHT11, OK!
Humidity is 53%,	 Temperature is 23.9*C
Time Elapsed: 1145 ms
DHT11, OK!
Humidity is 53%,	 Temperature is 23.9*C
Time Elapsed: 1145 ms
DHT11, OK!
Humidity is 53%,	 Temperature is 23.9*C
Time Elapsed: 1150 ms
DHT11, OK!
Humidity is 53%,	 Temperature is 23.9*C
Time Elapsed: 1145 ms
DHT11, OK!
Humidity is 53%,	 Temperature is 23.9*C
Time Elapsed: 1145 ms
DHT11, OK!
Humidity is 53%,	 Temperature is 23.9*C
Time Elapsed: 2390 ms
DHT11, OK!
Humidity is 53%,	 Temperature is 23.9*C
Time Elapsed: 1145 ms
DHT11, OK!
Humidity is 53%,	 Temperature is 23.9*C
Time Elapsed: 1145 ms
DHT11, OK!
Humidity is 53%,	 Temperature is 23.9*C
Time Elapsed: 1145 ms
DHT11, OK!
Humidity is 53%,	 Temperature is 23.9*C
Time Elapsed: 1145 ms
DHT11, OK!
Humidity is 53%,	 Temperature is 23.9*C
Time Elapsed: 1145 ms
DHT11, OK!
Humidity is 53%,	 Temperature is 23.9*C
Time Elapsed: 1145 ms
DHT11, OK!
Humidity is 53%,	 Temperature is 23.9*C
Time Elapsed: 1145 ms
DHT11, OK!
Humidity is 53%,	 Temperature is 23.9*C
Time Elapsed: 2389 ms
DHT11, OK!
Humidity is 53%,	 Temperature is 23.9*C
Time Elapsed: 1145 ms
DHT11, OK!
Humidity is 53%,	 Temperature is 23.9*C
Time Elapsed: 1145 ms
DHT11, OK!
Humidity is 53%,	 Temperature is 23.9*C
Time Elapsed: 2390 ms
DHT11, OK!
Humidity is 53%,	 Temperature is 23.9*C
Time Elapsed: 1145 ms
DHT11, OK!
Humidity is 53%,	 Temperature is 23.9*C
Time Elapsed: 1145 ms
DHT11, OK!
Humidity is 53%,	 Temperature is 23.9*C
Time Elapsed: 1145 ms
DHT11, OK!
Humidity is 53%,	 Temperature is 23.9*C
Time Elapsed: 1150 ms
DHT11, OK!
Humidity is 53%,	 Temperature is 23.9*C
Time Elapsed: 1149 ms
DHT11, OK!
Humidity is 53%,	 Temperature is 23.9*C
Time Elapsed: 1157 ms
DHT11, OK!
Humidity is 53%,	 Temperature is 23.9*C
Time Elapsed: 1149 ms
DHT11, OK!
Humidity is 53%,	 Temperature is 23.9*C
Time Elapsed: 1145 ms
DHT11, OK!
Humidity is 53%,	 Temperature is 23.9*C
Time Elapsed: 1146 ms
DHT11, OK!
Humidity is 53%,	 Temperature is 23.9*C
Time Elapsed: 1145 ms
DHT11, OK!
Humidity is 53%,	 Temperature is 23.9*C
Time Elapsed: 1145 ms
DHT11, OK!
Humidity is 53%,	 Temperature is 23.9*C
Time Elapsed: 1144 ms
DHT11, OK!
Humidity is 53%,	 Temperature is 23.9*C
Time Elapsed: 1146 ms
DHT11, OK!
Humidity is 53%,	 Temperature is 23.9*C
Time Elapsed: 1145 ms
DHT11, OK!
Humidity is 53%,	 Temperature is 23.9*C
Time Elapsed: 1145 ms
DHT11, OK!
Humidity is 53%,	 Temperature is 23.9*C
Time Elapsed: 1145 ms
DHT11, OK!
Humidity is 53%,	 Temperature is 23.9*C
Time Elapsed: 1145 ms
DHT11, OK!
Humidity is 53%,	 Temperature is 23.9*C
Time Elapsed: 1145 ms
DHT11, OK!
Humidity is 53%,	 Temperature is 23.9*C
Time Elapsed: 1145 ms
DHT11, OK!
Humidity is 53%,	 Temperature is 23.9*C
Time Elapsed: 1145 ms
DHT11, OK!
Humidity is 53%,	 Temperature is 23.9*C
Time Elapsed: 2390 ms
DHT11, OK!
Humidity is 53%,	 Temperature is 23.9*C
Time Elapsed: 2390 ms
DHT11, OK!
Humidity is 53%,	 Temperature is 23.9*C
Time Elapsed: 1145 ms
DHT11, OK!
Humidity is 53%,	 Temperature is 23.9*C
Time Elapsed: 1146 ms
DHT11, OK!
Humidity is 53%,	 Temperature is 23.9*C
Time Elapsed: 1145 ms
DHT11, OK!
Humidity is 53%,	 Temperature is 23.9*C
Time Elapsed: 1145 ms
DHT11, OK!
Humidity is 53%,	 Temperature is 23.9*C
Time Elapsed: 1145 ms
DHT11, OK!
Humidity is 53%,	 Temperature is 23.9*C
Time Elapsed: 1145 ms
DHT11, OK!
Humidity is 53%,	 Temperature is 23.9*C
Time Elapsed: 1145 ms
DHT11, OK!
Humidity is 53%,	 Temperature is 23.9*C
Time Elapsed: 1145 ms
DHT11, OK!
Humidity is 53%,	 Temperature is 23.9*C
Time Elapsed: 1145 ms
DHT11, OK!
Humidity is 53%,	 Temperature is 23.9*C
Time Elapsed: 1145 ms
DHT11, OK!
Humidity is 53%,	 Temperature is 23.9*C
Time Elapsed: 1145 ms
DHT11, OK!
Humidity is 53%,	 Temperature is 23.9*C
Time Elapsed: 3632 ms
DHT11, OK!
Humidity is 53%,	 Temperature is 23.9*C
Time Elapsed: 1145 ms
DHT11, OK!
Humidity is 53%,	 Temperature is 23.9*C
Time Elapsed: 1145 ms
DHT11, OK!
Humidity is 53%,	 Temperature is 23.9*C
Time Elapsed: 1145 ms
DHT11, OK!
Humidity is 53%,	 Temperature is 23.9*C
Time Elapsed: 1145 ms
DHT11, OK!
Humidity is 53%,	 Temperature is 23.9*C
Time Elapsed: 1145 ms
DHT11, OK!
Humidity is 53%,	 Temperature is 23.9*C
Time Elapsed: 1145 ms
DHT11, OK!
Humidity is 53%,	 Temperature is 23.9*C
Time Elapsed: 1145 ms
DHT11, OK!
Humidity is 53%,	 Temperature is 23.9*C
Time Elapsed: 1151 ms
DHT11, OK!
Humidity is 53%,	 Temperature is 23.9*C
Time Elapsed: 1144 ms
DHT11, OK!
Humidity is 53%,	 Temperature is 23.9*C
Time Elapsed: 2389 ms
DHT11, OK!
Humidity is 53%,	 Temperature is 23.9*C
Time Elapsed: 1145 ms
DHT11, OK!
Humidity is 53%,	 Temperature is 23.9*C
Time Elapsed: 1145 ms
DHT11, OK!
Humidity is 53%,	 Temperature is 23.9*C
Time Elapsed: 1145 ms
DHT11, OK!
Humidity is 53%,	 Temperature is 23.9*C
Time Elapsed: 1145 ms
DHT11, OK!
Humidity is 53%,	 Temperature is 23.9*C
Time Elapsed: 1145 ms
DHT11, OK!
Humidity is 53%,	 Temperature is 23.9*C
Time Elapsed: 1145 ms
DHT11, OK!
Humidity is 53%,	 Temperature is 23.9*C
Time Elapsed: 1145 ms
DHT11, OK!
Humidity is 53%,	 Temperature is 23.9*C
Time Elapsed: 1145 ms
DHT11, OK!
Humidity is 53%,	 Temperature is 23.9*C
Time Elapsed: 1145 ms
DHT11, OK!
Humidity is 53%,	 Temperature is 23.9*C
Time Elapsed: 1145 ms
DHT11, OK!
Humidity is 53%,	 Temperature is 23.9*C
Time Elapsed: 1145 ms
DHT11, OK!
Humidity is 53%,	 Temperature is 23.9*C
Time Elapsed: 1145 ms
DHT11, OK!
Humidity is 53%,	 Temperature is 23.9*C
Time Elapsed: 1145 ms
DHT11, OK!
Humidity is 53%,	 Temperature is 23.9*C
Time Elapsed: 1145 ms
DHT11, OK!
Humidity is 53%,	 Temperature is 23.9*C
Time Elapsed: 1145 ms
DHT11, OK!
Humidity is 53%,	 Temperature is 23.9*C
Time Elapsed: 2387 ms
DHT11, OK!
Humidity is 53%,	 Temperature is 23.9*C
Time Elapsed: 1145 ms
DHT11, OK!
Humidity is 53%,	 Temperature is 23.9*C
Time Elapsed: 1145 ms
DHT11, OK!
Humidity is 53%,	 Temperature is 23.9*C
Time Elapsed: 1145 ms
